2018-03-09 18:12:39,366 [1] INFO  TableStoreWebApp.Startup [(null)] - 开始执行...
2018-03-09 18:12:46,213 [6] INFO  TableStoreWebApp.Controllers.OTSSyncController [(null)] - OTSSync=>index()
2018-03-09 18:12:47,844 [6] DEBUG TableStoreWebApp.Controllers.OTSSyncController [(null)] - routeName=Vehicle_Route
2018-03-09 18:12:47,910 [6] DEBUG TableStoreWebApp.Controllers.OTSSyncController [(null)] - locationName=
2018-03-09 18:12:47,915 [6] DEBUG TableStoreWebApp.Controllers.OTSSyncController [(null)] - eventName=
2018-03-09 18:12:48,013 [23] DEBUG TableStoreWebApp.Route [(null)] - select distinct device_code,startTime,endTime,startLatitude,endLatitude,startLongitude,endLongitude,drivingTime,mileage,topSpeed,speedingTime,highSpeedTime,mediumSpeedTime,lowSpeedTime,idleTime,rapidAccelerationTimes,rapidDecelerationTimes,sharpTurnTimes from Vehicle_Route where id between 1300000 and 1400000
2018-03-09 18:12:49,298 [23] INFO  TableStoreWebApp.Route [(null)] - 399 行数据批量提交成功！
2018-03-09 18:12:49,428 [23] INFO  TableStoreWebApp.Route [(null)] - 799 行数据批量提交成功！
2018-03-09 18:12:49,553 [23] INFO  TableStoreWebApp.Route [(null)] - 1199 行数据批量提交成功！
2018-03-09 18:12:49,673 [23] INFO  TableStoreWebApp.Route [(null)] - 1599 行数据批量提交成功！
2018-03-09 18:12:49,673 [23] INFO  TableStoreWebApp.Route [(null)] - 1737发现重复记录100000000000708;2017/6/11 17:28:35数据库记录：
2018-03-09 18:12:49,673 [23] INFO  TableStoreWebApp.Route [(null)] - 1739发现重复记录100000000000708;2017/6/11 17:28:35数据库记录：
2018-03-09 18:12:49,674 [23] INFO  TableStoreWebApp.Route [(null)] - 1943发现重复记录100000000000708;2017/6/11 17:07:22数据库记录：
2018-03-09 18:12:49,674 [23] INFO  TableStoreWebApp.Route [(null)] - 1945发现重复记录100000000000708;2017/6/11 17:28:35数据库记录：
2018-03-09 18:12:49,789 [23] INFO  TableStoreWebApp.Route [(null)] - 2007 行数据批量提交成功！
2018-03-09 18:12:49,916 [23] INFO  TableStoreWebApp.Route [(null)] - 2407 行数据批量提交成功！
2018-03-09 18:12:49,917 [23] INFO  TableStoreWebApp.Route [(null)] - 2711发现重复记录100000000000708;2017/6/11 17:28:35数据库记录：
2018-03-09 18:12:50,032 [23] INFO  TableStoreWebApp.Route [(null)] - 2809 行数据批量提交成功！
2018-03-09 18:12:50,171 [23] INFO  TableStoreWebApp.Route [(null)] - 3209 行数据批量提交成功！
2018-03-09 18:12:50,291 [23] INFO  TableStoreWebApp.Route [(null)] - 3609 行数据批量提交成功！
2018-03-09 18:12:50,411 [23] INFO  TableStoreWebApp.Route [(null)] - 4009 行数据批量提交成功！
2018-03-09 18:12:50,541 [23] INFO  TableStoreWebApp.Route [(null)] - 4409 行数据批量提交成功！
2018-03-09 18:12:50,657 [23] INFO  TableStoreWebApp.Route [(null)] - 4809 行数据批量提交成功！
2018-03-09 18:12:50,781 [23] INFO  TableStoreWebApp.Route [(null)] - 5209 行数据批量提交成功！
2018-03-09 18:12:50,901 [23] INFO  TableStoreWebApp.Route [(null)] - 5609 行数据批量提交成功！
2018-03-09 18:12:51,016 [23] INFO  TableStoreWebApp.Route [(null)] - 6009 行数据批量提交成功！
2018-03-09 18:12:51,139 [23] INFO  TableStoreWebApp.Route [(null)] - 6409 行数据批量提交成功！
2018-03-09 18:12:51,258 [23] INFO  TableStoreWebApp.Route [(null)] - 6809 行数据批量提交成功！
2018-03-09 18:12:51,259 [23] INFO  TableStoreWebApp.Route [(null)] - 7011发现重复记录100000000002154;2017/6/14 8:17:35数据库记录：
2018-03-09 18:12:51,379 [23] INFO  TableStoreWebApp.Route [(null)] - 7211 行数据批量提交成功！
2018-03-09 18:12:51,495 [23] INFO  TableStoreWebApp.Route [(null)] - 7611 行数据批量提交成功！
2018-03-09 18:12:51,642 [23] INFO  TableStoreWebApp.Route [(null)] - 8011 行数据批量提交成功！
2018-03-09 18:12:51,764 [23] INFO  TableStoreWebApp.Route [(null)] - 8411 行数据批量提交成功！
2018-03-09 18:12:51,889 [23] INFO  TableStoreWebApp.Route [(null)] - 8811 行数据批量提交成功！
2018-03-09 18:12:52,008 [23] INFO  TableStoreWebApp.Route [(null)] - 9211 行数据批量提交成功！
2018-03-09 18:12:52,125 [23] INFO  TableStoreWebApp.Route [(null)] - 9611 行数据批量提交成功！
2018-03-09 18:12:52,236 [23] INFO  TableStoreWebApp.Route [(null)] - 10011 行数据批量提交成功！
2018-03-09 18:12:52,414 [23] INFO  TableStoreWebApp.Route [(null)] - 10411 行数据批量提交成功！
2018-03-09 18:12:52,533 [23] INFO  TableStoreWebApp.Route [(null)] - 10811 行数据批量提交成功！
2018-03-09 18:12:52,659 [23] INFO  TableStoreWebApp.Route [(null)] - 11211 行数据批量提交成功！
2018-03-09 18:12:52,776 [23] INFO  TableStoreWebApp.Route [(null)] - 11611 行数据批量提交成功！
2018-03-09 18:12:52,891 [23] INFO  TableStoreWebApp.Route [(null)] - 12011 行数据批量提交成功！
2018-03-09 18:12:53,010 [23] INFO  TableStoreWebApp.Route [(null)] - 12411 行数据批量提交成功！
2018-03-09 18:12:53,122 [23] INFO  TableStoreWebApp.Route [(null)] - 12811 行数据批量提交成功！
2018-03-09 18:12:53,237 [23] INFO  TableStoreWebApp.Route [(null)] - 13211 行数据批量提交成功！
2018-03-09 18:12:53,353 [23] INFO  TableStoreWebApp.Route [(null)] - 13611 行数据批量提交成功！
2018-03-09 18:12:53,533 [23] INFO  TableStoreWebApp.Route [(null)] - 14011 行数据批量提交成功！
2018-03-09 18:12:53,653 [23] INFO  TableStoreWebApp.Route [(null)] - 14411 行数据批量提交成功！
2018-03-09 18:12:53,770 [23] INFO  TableStoreWebApp.Route [(null)] - 14811 行数据批量提交成功！
2018-03-09 18:12:53,896 [23] INFO  TableStoreWebApp.Route [(null)] - 15211 行数据批量提交成功！
2018-03-09 18:12:54,028 [23] INFO  TableStoreWebApp.Route [(null)] - 15611 行数据批量提交成功！
2018-03-09 18:12:54,144 [23] INFO  TableStoreWebApp.Route [(null)] - 16011 行数据批量提交成功！
2018-03-09 18:12:54,254 [23] INFO  TableStoreWebApp.Route [(null)] - 16411 行数据批量提交成功！
2018-03-09 18:12:54,371 [23] INFO  TableStoreWebApp.Route [(null)] - 16811 行数据批量提交成功！
2018-03-09 18:12:54,486 [23] INFO  TableStoreWebApp.Route [(null)] - 17211 行数据批量提交成功！
2018-03-09 18:12:54,623 [23] INFO  TableStoreWebApp.Route [(null)] - 17611 行数据批量提交成功！
2018-03-09 18:12:54,740 [23] INFO  TableStoreWebApp.Route [(null)] - 18011 行数据批量提交成功！
2018-03-09 18:12:54,888 [23] INFO  TableStoreWebApp.Route [(null)] - 18411 行数据批量提交成功！
2018-03-09 18:12:55,002 [23] INFO  TableStoreWebApp.Route [(null)] - 18811 行数据批量提交成功！
2018-03-09 18:12:55,181 [23] INFO  TableStoreWebApp.Route [(null)] - 19211 行数据批量提交成功！
2018-03-09 18:12:55,294 [23] INFO  TableStoreWebApp.Route [(null)] - 19611 行数据批量提交成功！
2018-03-09 18:12:55,408 [23] INFO  TableStoreWebApp.Route [(null)] - 20011 行数据批量提交成功！
2018-03-09 18:12:55,516 [23] INFO  TableStoreWebApp.Route [(null)] - 20411 行数据批量提交成功！
2018-03-09 18:12:55,637 [23] INFO  TableStoreWebApp.Route [(null)] - 20811 行数据批量提交成功！
2018-03-09 18:12:55,746 [23] INFO  TableStoreWebApp.Route [(null)] - 21211 行数据批量提交成功！
2018-03-09 18:12:55,920 [23] INFO  TableStoreWebApp.Route [(null)] - 21611 行数据批量提交成功！
2018-03-09 18:12:56,061 [23] INFO  TableStoreWebApp.Route [(null)] - 22011 行数据批量提交成功！
2018-03-09 18:12:56,177 [23] INFO  TableStoreWebApp.Route [(null)] - 22411 行数据批量提交成功！
2018-03-09 18:12:56,298 [23] INFO  TableStoreWebApp.Route [(null)] - 22811 行数据批量提交成功！
2018-03-09 18:12:56,416 [23] INFO  TableStoreWebApp.Route [(null)] - 23211 行数据批量提交成功！
2018-03-09 18:12:56,530 [23] INFO  TableStoreWebApp.Route [(null)] - 23611 行数据批量提交成功！
2018-03-09 18:12:56,652 [23] INFO  TableStoreWebApp.Route [(null)] - 24011 行数据批量提交成功！
2018-03-09 18:12:56,764 [23] INFO  TableStoreWebApp.Route [(null)] - 24411 行数据批量提交成功！
2018-03-09 18:12:56,877 [23] INFO  TableStoreWebApp.Route [(null)] - 24811 行数据批量提交成功！
2018-03-09 18:12:57,013 [23] INFO  TableStoreWebApp.Route [(null)] - 25211 行数据批量提交成功！
2018-03-09 18:12:57,149 [23] INFO  TableStoreWebApp.Route [(null)] - 25611 行数据批量提交成功！
2018-03-09 18:12:57,285 [23] INFO  TableStoreWebApp.Route [(null)] - 26011 行数据批量提交成功！
2018-03-09 18:12:57,419 [23] INFO  TableStoreWebApp.Route [(null)] - 26411 行数据批量提交成功！
2018-03-09 18:12:57,533 [23] INFO  TableStoreWebApp.Route [(null)] - 26811 行数据批量提交成功！
2018-03-09 18:12:57,643 [23] INFO  TableStoreWebApp.Route [(null)] - 27211 行数据批量提交成功！
2018-03-09 18:12:57,761 [23] INFO  TableStoreWebApp.Route [(null)] - 27611 行数据批量提交成功！
2018-03-09 18:12:57,875 [23] INFO  TableStoreWebApp.Route [(null)] - 28011 行数据批量提交成功！
2018-03-09 18:12:57,991 [23] INFO  TableStoreWebApp.Route [(null)] - 28411 行数据批量提交成功！
2018-03-09 18:12:58,103 [23] INFO  TableStoreWebApp.Route [(null)] - 28811 行数据批量提交成功！
2018-03-09 18:12:58,213 [23] INFO  TableStoreWebApp.Route [(null)] - 29211 行数据批量提交成功！
2018-03-09 18:12:58,328 [23] INFO  TableStoreWebApp.Route [(null)] - 29611 行数据批量提交成功！
2018-03-09 18:12:58,444 [23] INFO  TableStoreWebApp.Route [(null)] - 30011 行数据批量提交成功！
2018-03-09 18:12:58,578 [23] INFO  TableStoreWebApp.Route [(null)] - 30411 行数据批量提交成功！
2018-03-09 18:12:58,687 [23] INFO  TableStoreWebApp.Route [(null)] - 30811 行数据批量提交成功！
2018-03-09 18:12:58,813 [23] INFO  TableStoreWebApp.Route [(null)] - 31211 行数据批量提交成功！
2018-03-09 18:12:58,935 [23] INFO  TableStoreWebApp.Route [(null)] - 31611 行数据批量提交成功！
2018-03-09 18:12:59,057 [23] INFO  TableStoreWebApp.Route [(null)] - 32011 行数据批量提交成功！
2018-03-09 18:12:59,192 [23] INFO  TableStoreWebApp.Route [(null)] - 32411 行数据批量提交成功！
2018-03-09 18:12:59,306 [23] INFO  TableStoreWebApp.Route [(null)] - 32811 行数据批量提交成功！
2018-03-09 18:12:59,425 [23] INFO  TableStoreWebApp.Route [(null)] - 33211 行数据批量提交成功！
2018-03-09 18:12:59,546 [23] INFO  TableStoreWebApp.Route [(null)] - 33611 行数据批量提交成功！
2018-03-09 18:12:59,659 [23] INFO  TableStoreWebApp.Route [(null)] - 34011 行数据批量提交成功！
2018-03-09 18:12:59,772 [23] INFO  TableStoreWebApp.Route [(null)] - 34411 行数据批量提交成功！
2018-03-09 18:12:59,885 [23] INFO  TableStoreWebApp.Route [(null)] - 34811 行数据批量提交成功！
2018-03-09 18:12:59,998 [23] INFO  TableStoreWebApp.Route [(null)] - 35211 行数据批量提交成功！
2018-03-09 18:13:00,116 [23] INFO  TableStoreWebApp.Route [(null)] - 35611 行数据批量提交成功！
2018-03-09 18:13:00,235 [23] INFO  TableStoreWebApp.Route [(null)] - 36011 行数据批量提交成功！
2018-03-09 18:13:00,347 [23] INFO  TableStoreWebApp.Route [(null)] - 36411 行数据批量提交成功！
2018-03-09 18:13:00,464 [23] INFO  TableStoreWebApp.Route [(null)] - 36811 行数据批量提交成功！
2018-03-09 18:13:00,579 [23] INFO  TableStoreWebApp.Route [(null)] - 37211 行数据批量提交成功！
2018-03-09 18:13:00,698 [23] INFO  TableStoreWebApp.Route [(null)] - 37611 行数据批量提交成功！
2018-03-09 18:13:00,821 [23] INFO  TableStoreWebApp.Route [(null)] - 38011 行数据批量提交成功！
2018-03-09 18:13:00,930 [23] INFO  TableStoreWebApp.Route [(null)] - 38411 行数据批量提交成功！
2018-03-09 18:13:01,049 [23] INFO  TableStoreWebApp.Route [(null)] - 38811 行数据批量提交成功！
2018-03-09 18:13:01,164 [23] INFO  TableStoreWebApp.Route [(null)] - 39211 行数据批量提交成功！
2018-03-09 18:13:01,307 [23] INFO  TableStoreWebApp.Route [(null)] - 39611 行数据批量提交成功！
2018-03-09 18:13:01,428 [23] INFO  TableStoreWebApp.Route [(null)] - 40011 行数据批量提交成功！
2018-03-09 18:13:01,537 [23] INFO  TableStoreWebApp.Route [(null)] - 40411 行数据批量提交成功！
2018-03-09 18:13:01,655 [23] INFO  TableStoreWebApp.Route [(null)] - 40811 行数据批量提交成功！
2018-03-09 18:13:01,764 [23] INFO  TableStoreWebApp.Route [(null)] - 41211 行数据批量提交成功！
2018-03-09 18:13:01,886 [23] INFO  TableStoreWebApp.Route [(null)] - 41611 行数据批量提交成功！
2018-03-09 18:13:01,995 [23] INFO  TableStoreWebApp.Route [(null)] - 42011 行数据批量提交成功！
2018-03-09 18:13:02,110 [23] INFO  TableStoreWebApp.Route [(null)] - 42411 行数据批量提交成功！
2018-03-09 18:13:02,224 [23] INFO  TableStoreWebApp.Route [(null)] - 42811 行数据批量提交成功！
2018-03-09 18:13:02,341 [23] INFO  TableStoreWebApp.Route [(null)] - 43211 行数据批量提交成功！
2018-03-09 18:13:02,454 [23] INFO  TableStoreWebApp.Route [(null)] - 43611 行数据批量提交成功！
2018-03-09 18:13:02,566 [23] INFO  TableStoreWebApp.Route [(null)] - 44011 行数据批量提交成功！
2018-03-09 18:13:02,676 [23] INFO  TableStoreWebApp.Route [(null)] - 44411 行数据批量提交成功！
2018-03-09 18:13:02,792 [23] INFO  TableStoreWebApp.Route [(null)] - 44811 行数据批量提交成功！
2018-03-09 18:13:02,917 [23] INFO  TableStoreWebApp.Route [(null)] - 45211 行数据批量提交成功！
2018-03-09 18:13:03,041 [23] INFO  TableStoreWebApp.Route [(null)] - 45611 行数据批量提交成功！
2018-03-09 18:13:03,178 [23] INFO  TableStoreWebApp.Route [(null)] - 46011 行数据批量提交成功！
2018-03-09 18:13:03,302 [23] INFO  TableStoreWebApp.Route [(null)] - 46411 行数据批量提交成功！
2018-03-09 18:13:03,417 [23] INFO  TableStoreWebApp.Route [(null)] - 46811 行数据批量提交成功！
2018-03-09 18:13:03,536 [23] INFO  TableStoreWebApp.Route [(null)] - 47211 行数据批量提交成功！
2018-03-09 18:13:03,656 [23] INFO  TableStoreWebApp.Route [(null)] - 47611 行数据批量提交成功！
2018-03-09 18:13:03,769 [23] INFO  TableStoreWebApp.Route [(null)] - 48011 行数据批量提交成功！
2018-03-09 18:13:03,900 [23] INFO  TableStoreWebApp.Route [(null)] - 48411 行数据批量提交成功！
2018-03-09 18:13:04,013 [23] INFO  TableStoreWebApp.Route [(null)] - 48811 行数据批量提交成功！
2018-03-09 18:13:04,133 [23] INFO  TableStoreWebApp.Route [(null)] - 49211 行数据批量提交成功！
2018-03-09 18:13:04,242 [23] INFO  TableStoreWebApp.Route [(null)] - 49611 行数据批量提交成功！
2018-03-09 18:13:04,397 [23] INFO  TableStoreWebApp.Route [(null)] - 50011 行数据批量提交成功！
2018-03-09 18:13:04,507 [23] INFO  TableStoreWebApp.Route [(null)] - 50411 行数据批量提交成功！
2018-03-09 18:13:04,616 [23] INFO  TableStoreWebApp.Route [(null)] - 50811 行数据批量提交成功！
2018-03-09 18:13:04,730 [23] INFO  TableStoreWebApp.Route [(null)] - 51211 行数据批量提交成功！
2018-03-09 18:13:04,843 [23] INFO  TableStoreWebApp.Route [(null)] - 51611 行数据批量提交成功！
2018-03-09 18:13:04,963 [23] INFO  TableStoreWebApp.Route [(null)] - 52011 行数据批量提交成功！
2018-03-09 18:13:05,080 [23] INFO  TableStoreWebApp.Route [(null)] - 52411 行数据批量提交成功！
2018-03-09 18:13:05,380 [23] INFO  TableStoreWebApp.Route [(null)] - 52811 行数据批量提交成功！
2018-03-09 18:13:05,506 [23] INFO  TableStoreWebApp.Route [(null)] - 53211 行数据批量提交成功！
2018-03-09 18:13:05,640 [23] INFO  TableStoreWebApp.Route [(null)] - 53611 行数据批量提交成功！
2018-03-09 18:13:05,757 [23] INFO  TableStoreWebApp.Route [(null)] - 54011 行数据批量提交成功！
2018-03-09 18:13:05,873 [23] INFO  TableStoreWebApp.Route [(null)] - 54411 行数据批量提交成功！
2018-03-09 18:13:05,992 [23] INFO  TableStoreWebApp.Route [(null)] - 54811 行数据批量提交成功！
2018-03-09 18:13:06,109 [23] INFO  TableStoreWebApp.Route [(null)] - 55211 行数据批量提交成功！
2018-03-09 18:13:06,225 [23] INFO  TableStoreWebApp.Route [(null)] - 55611 行数据批量提交成功！
2018-03-09 18:13:06,337 [23] INFO  TableStoreWebApp.Route [(null)] - 56011 行数据批量提交成功！
2018-03-09 18:13:06,450 [23] INFO  TableStoreWebApp.Route [(null)] - 56411 行数据批量提交成功！
2018-03-09 18:13:06,570 [23] INFO  TableStoreWebApp.Route [(null)] - 56811 行数据批量提交成功！
2018-03-09 18:13:06,686 [23] INFO  TableStoreWebApp.Route [(null)] - 57211 行数据批量提交成功！
2018-03-09 18:13:06,798 [23] INFO  TableStoreWebApp.Route [(null)] - 57611 行数据批量提交成功！
2018-03-09 18:13:06,909 [23] INFO  TableStoreWebApp.Route [(null)] - 58011 行数据批量提交成功！
2018-03-09 18:13:07,024 [23] INFO  TableStoreWebApp.Route [(null)] - 58411 行数据批量提交成功！
2018-03-09 18:13:07,150 [23] INFO  TableStoreWebApp.Route [(null)] - 58811 行数据批量提交成功！
2018-03-09 18:13:07,270 [23] INFO  TableStoreWebApp.Route [(null)] - 59211 行数据批量提交成功！
2018-03-09 18:13:07,389 [23] INFO  TableStoreWebApp.Route [(null)] - 59611 行数据批量提交成功！
2018-03-09 18:13:07,504 [23] INFO  TableStoreWebApp.Route [(null)] - 60011 行数据批量提交成功！
2018-03-09 18:13:07,622 [23] INFO  TableStoreWebApp.Route [(null)] - 60411 行数据批量提交成功！
2018-03-09 18:13:07,734 [23] INFO  TableStoreWebApp.Route [(null)] - 60811 行数据批量提交成功！
2018-03-09 18:13:07,853 [23] INFO  TableStoreWebApp.Route [(null)] - 61211 行数据批量提交成功！
2018-03-09 18:13:07,973 [23] INFO  TableStoreWebApp.Route [(null)] - 61611 行数据批量提交成功！
2018-03-09 18:13:08,094 [23] INFO  TableStoreWebApp.Route [(null)] - 62011 行数据批量提交成功！
2018-03-09 18:13:08,214 [23] INFO  TableStoreWebApp.Route [(null)] - 62411 行数据批量提交成功！
2018-03-09 18:13:08,386 [23] INFO  TableStoreWebApp.Route [(null)] - 62811 行数据批量提交成功！
2018-03-09 18:13:08,525 [23] INFO  TableStoreWebApp.Route [(null)] - 63211 行数据批量提交成功！
2018-03-09 18:13:08,656 [23] INFO  TableStoreWebApp.Route [(null)] - 63611 行数据批量提交成功！
2018-03-09 18:13:08,774 [23] INFO  TableStoreWebApp.Route [(null)] - 64011 行数据批量提交成功！
2018-03-09 18:13:08,898 [23] INFO  TableStoreWebApp.Route [(null)] - 64411 行数据批量提交成功！
2018-03-09 18:13:09,017 [23] INFO  TableStoreWebApp.Route [(null)] - 64811 行数据批量提交成功！
2018-03-09 18:13:09,129 [23] INFO  TableStoreWebApp.Route [(null)] - 65211 行数据批量提交成功！
2018-03-09 18:13:09,269 [23] INFO  TableStoreWebApp.Route [(null)] - 65611 行数据批量提交成功！
2018-03-09 18:13:09,410 [23] INFO  TableStoreWebApp.Route [(null)] - 66011 行数据批量提交成功！
2018-03-09 18:13:09,530 [23] INFO  TableStoreWebApp.Route [(null)] - 66411 行数据批量提交成功！
2018-03-09 18:13:09,670 [23] INFO  TableStoreWebApp.Route [(null)] - 66811 行数据批量提交成功！
2018-03-09 18:13:09,799 [23] INFO  TableStoreWebApp.Route [(null)] - 67211 行数据批量提交成功！
2018-03-09 18:13:09,926 [23] INFO  TableStoreWebApp.Route [(null)] - 67611 行数据批量提交成功！
2018-03-09 18:13:10,046 [23] INFO  TableStoreWebApp.Route [(null)] - 68011 行数据批量提交成功！
2018-03-09 18:13:10,046 [23] INFO  TableStoreWebApp.Route [(null)] - 68211发现重复记录100000000000708;2017/6/11 17:07:22数据库记录：
2018-03-09 18:13:10,164 [23] INFO  TableStoreWebApp.Route [(null)] - 68413 行数据批量提交成功！
2018-03-09 18:13:10,293 [23] INFO  TableStoreWebApp.Route [(null)] - 68813 行数据批量提交成功！
2018-03-09 18:13:10,406 [23] INFO  TableStoreWebApp.Route [(null)] - 69213 行数据批量提交成功！
2018-03-09 18:13:10,531 [23] INFO  TableStoreWebApp.Route [(null)] - 69613 行数据批量提交成功！
2018-03-09 18:13:10,648 [23] INFO  TableStoreWebApp.Route [(null)] - 70013 行数据批量提交成功！
2018-03-09 18:13:10,764 [23] INFO  TableStoreWebApp.Route [(null)] - 70413 行数据批量提交成功！
2018-03-09 18:13:10,885 [23] INFO  TableStoreWebApp.Route [(null)] - 70813 行数据批量提交成功！
2018-03-09 18:13:11,002 [23] INFO  TableStoreWebApp.Route [(null)] - 71213 行数据批量提交成功！
2018-03-09 18:13:11,135 [23] INFO  TableStoreWebApp.Route [(null)] - 71613 行数据批量提交成功！
2018-03-09 18:13:11,245 [23] INFO  TableStoreWebApp.Route [(null)] - 72013 行数据批量提交成功！
2018-03-09 18:13:11,366 [23] INFO  TableStoreWebApp.Route [(null)] - 72413 行数据批量提交成功！
2018-03-09 18:13:11,484 [23] INFO  TableStoreWebApp.Route [(null)] - 72813 行数据批量提交成功！
2018-03-09 18:13:11,609 [23] INFO  TableStoreWebApp.Route [(null)] - 73213 行数据批量提交成功！
2018-03-09 18:13:11,727 [23] INFO  TableStoreWebApp.Route [(null)] - 73613 行数据批量提交成功！
2018-03-09 18:13:11,861 [23] INFO  TableStoreWebApp.Route [(null)] - 74013 行数据批量提交成功！
2018-03-09 18:13:11,974 [23] INFO  TableStoreWebApp.Route [(null)] - 74413 行数据批量提交成功！
2018-03-09 18:13:12,087 [23] INFO  TableStoreWebApp.Route [(null)] - 74813 行数据批量提交成功！
2018-03-09 18:13:12,210 [23] INFO  TableStoreWebApp.Route [(null)] - 75213 行数据批量提交成功！
2018-03-09 18:13:12,322 [23] INFO  TableStoreWebApp.Route [(null)] - 75613 行数据批量提交成功！
2018-03-09 18:13:12,454 [23] INFO  TableStoreWebApp.Route [(null)] - 76013 行数据批量提交成功！
2018-03-09 18:13:12,567 [23] INFO  TableStoreWebApp.Route [(null)] - 76413 行数据批量提交成功！
2018-03-09 18:13:12,696 [23] INFO  TableStoreWebApp.Route [(null)] - 76813 行数据批量提交成功！
2018-03-09 18:13:12,843 [23] INFO  TableStoreWebApp.Route [(null)] - 77213 行数据批量提交成功！
2018-03-09 18:13:12,956 [23] INFO  TableStoreWebApp.Route [(null)] - 77613 行数据批量提交成功！
2018-03-09 18:13:13,066 [23] INFO  TableStoreWebApp.Route [(null)] - 78013 行数据批量提交成功！
2018-03-09 18:13:13,179 [23] INFO  TableStoreWebApp.Route [(null)] - 78413 行数据批量提交成功！
2018-03-09 18:13:13,302 [23] INFO  TableStoreWebApp.Route [(null)] - 78813 行数据批量提交成功！
2018-03-09 18:13:13,430 [23] INFO  TableStoreWebApp.Route [(null)] - 79213 行数据批量提交成功！
2018-03-09 18:13:13,557 [23] INFO  TableStoreWebApp.Route [(null)] - 79613 行数据批量提交成功！
2018-03-09 18:13:13,678 [23] INFO  TableStoreWebApp.Route [(null)] - 80013 行数据批量提交成功！
2018-03-09 18:13:13,800 [23] INFO  TableStoreWebApp.Route [(null)] - 80413 行数据批量提交成功！
2018-03-09 18:13:13,914 [23] INFO  TableStoreWebApp.Route [(null)] - 80813 行数据批量提交成功！
2018-03-09 18:13:14,031 [23] INFO  TableStoreWebApp.Route [(null)] - 81213 行数据批量提交成功！
2018-03-09 18:13:14,142 [23] INFO  TableStoreWebApp.Route [(null)] - 81613 行数据批量提交成功！
2018-03-09 18:13:14,264 [23] INFO  TableStoreWebApp.Route [(null)] - 82013 行数据批量提交成功！
2018-03-09 18:13:14,383 [23] INFO  TableStoreWebApp.Route [(null)] - 82413 行数据批量提交成功！
2018-03-09 18:13:14,538 [23] INFO  TableStoreWebApp.Route [(null)] - 82813 行数据批量提交成功！
2018-03-09 18:13:14,680 [23] INFO  TableStoreWebApp.Route [(null)] - 83213 行数据批量提交成功！
2018-03-09 18:13:14,812 [23] INFO  TableStoreWebApp.Route [(null)] - 83613 行数据批量提交成功！
2018-03-09 18:13:14,938 [23] INFO  TableStoreWebApp.Route [(null)] - 84013 行数据批量提交成功！
2018-03-09 18:13:15,124 [23] INFO  TableStoreWebApp.Route [(null)] - 84413 行数据批量提交成功！
2018-03-09 18:13:15,245 [23] INFO  TableStoreWebApp.Route [(null)] - 84813 行数据批量提交成功！
2018-03-09 18:13:15,372 [23] INFO  TableStoreWebApp.Route [(null)] - 85213 行数据批量提交成功！
2018-03-09 18:13:15,496 [23] INFO  TableStoreWebApp.Route [(null)] - 85613 行数据批量提交成功！
2018-03-09 18:13:15,617 [23] INFO  TableStoreWebApp.Route [(null)] - 86013 行数据批量提交成功！
2018-03-09 18:13:15,741 [23] INFO  TableStoreWebApp.Route [(null)] - 86413 行数据批量提交成功！
2018-03-09 18:13:15,868 [23] INFO  TableStoreWebApp.Route [(null)] - 86813 行数据批量提交成功！
2018-03-09 18:13:15,991 [23] INFO  TableStoreWebApp.Route [(null)] - 87213 行数据批量提交成功！
2018-03-09 18:13:16,123 [23] INFO  TableStoreWebApp.Route [(null)] - 87613 行数据批量提交成功！
2018-03-09 18:13:16,238 [23] INFO  TableStoreWebApp.Route [(null)] - 88013 行数据批量提交成功！
2018-03-09 18:13:16,352 [23] INFO  TableStoreWebApp.Route [(null)] - 88413 行数据批量提交成功！
2018-03-09 18:13:16,470 [23] INFO  TableStoreWebApp.Route [(null)] - 88813 行数据批量提交成功！
2018-03-09 18:13:16,609 [23] INFO  TableStoreWebApp.Route [(null)] - 89213 行数据批量提交成功！
2018-03-09 18:13:16,736 [23] INFO  TableStoreWebApp.Route [(null)] - 89613 行数据批量提交成功！
2018-03-09 18:13:16,857 [23] INFO  TableStoreWebApp.Route [(null)] - 90013 行数据批量提交成功！
2018-03-09 18:13:16,876 [23] INFO  TableStoreWebApp.Route [(null)] - 90044 行数据批量提交成功！
2018-03-09 18:13:16,876 [23] DEBUG TableStoreWebApp.Route [(null)] - select distinct device_code,startTime,endTime,startLatitude,endLatitude,startLongitude,endLongitude,drivingTime,mileage,topSpeed,speedingTime,highSpeedTime,mediumSpeedTime,lowSpeedTime,idleTime,rapidAccelerationTimes,rapidDecelerationTimes,sharpTurnTimes from Vehicle_Route where id between 1400000 and 1500000
2018-03-09 18:13:17,148 [23] INFO  TableStoreWebApp.Route [(null)] - 399 行数据批量提交成功！
2018-03-09 18:13:17,300 [23] INFO  TableStoreWebApp.Route [(null)] - 799 行数据批量提交成功！
2018-03-09 18:13:17,421 [23] INFO  TableStoreWebApp.Route [(null)] - 1199 行数据批量提交成功！
2018-03-09 18:13:17,544 [23] INFO  TableStoreWebApp.Route [(null)] - 1599 行数据批量提交成功！
2018-03-09 18:13:17,691 [23] INFO  TableStoreWebApp.Route [(null)] - 1999 行数据批量提交成功！
2018-03-09 18:13:17,816 [23] INFO  TableStoreWebApp.Route [(null)] - 2399 行数据批量提交成功！
2018-03-09 18:13:17,953 [23] INFO  TableStoreWebApp.Route [(null)] - 2799 行数据批量提交成功！
2018-03-09 18:13:18,066 [23] INFO  TableStoreWebApp.Route [(null)] - 3199 行数据批量提交成功！
2018-03-09 18:13:18,222 [23] INFO  TableStoreWebApp.Route [(null)] - 3599 行数据批量提交成功！
2018-03-09 18:13:18,345 [23] INFO  TableStoreWebApp.Route [(null)] - 3999 行数据批量提交成功！
2018-03-09 18:13:18,490 [23] INFO  TableStoreWebApp.Route [(null)] - 4399 行数据批量提交成功！
2018-03-09 18:13:18,606 [23] INFO  TableStoreWebApp.Route [(null)] - 4799 行数据批量提交成功！
2018-03-09 18:13:18,722 [23] INFO  TableStoreWebApp.Route [(null)] - 5199 行数据批量提交成功！
2018-03-09 18:13:18,865 [23] INFO  TableStoreWebApp.Route [(null)] - 5599 行数据批量提交成功！
2018-03-09 18:13:18,982 [23] INFO  TableStoreWebApp.Route [(null)] - 5999 行数据批量提交成功！
2018-03-09 18:13:19,096 [23] INFO  TableStoreWebApp.Route [(null)] - 6399 行数据批量提交成功！
2018-03-09 18:13:19,229 [23] INFO  TableStoreWebApp.Route [(null)] - 6799 行数据批量提交成功！
2018-03-09 18:13:19,366 [23] INFO  TableStoreWebApp.Route [(null)] - 7199 行数据批量提交成功！
2018-03-09 18:13:19,485 [23] INFO  TableStoreWebApp.Route [(null)] - 7599 行数据批量提交成功！
2018-03-09 18:13:19,635 [23] INFO  TableStoreWebApp.Route [(null)] - 7999 行数据批量提交成功！
2018-03-09 18:13:19,749 [23] INFO  TableStoreWebApp.Route [(null)] - 8399 行数据批量提交成功！
2018-03-09 18:13:19,879 [23] INFO  TableStoreWebApp.Route [(null)] - 8799 行数据批量提交成功！
2018-03-09 18:13:20,010 [23] INFO  TableStoreWebApp.Route [(null)] - 9199 行数据批量提交成功！
2018-03-09 18:13:20,128 [23] INFO  TableStoreWebApp.Route [(null)] - 9599 行数据批量提交成功！
2018-03-09 18:13:20,242 [23] INFO  TableStoreWebApp.Route [(null)] - 9999 行数据批量提交成功！
2018-03-09 18:13:20,358 [23] INFO  TableStoreWebApp.Route [(null)] - 10399 行数据批量提交成功！
2018-03-09 18:13:20,500 [23] INFO  TableStoreWebApp.Route [(null)] - 10799 行数据批量提交成功！
2018-03-09 18:13:20,624 [23] INFO  TableStoreWebApp.Route [(null)] - 11199 行数据批量提交成功！
2018-03-09 18:13:20,742 [23] INFO  TableStoreWebApp.Route [(null)] - 11599 行数据批量提交成功！
2018-03-09 18:13:20,863 [23] INFO  TableStoreWebApp.Route [(null)] - 11999 行数据批量提交成功！
2018-03-09 18:13:20,985 [23] INFO  TableStoreWebApp.Route [(null)] - 12399 行数据批量提交成功！
2018-03-09 18:13:21,099 [23] INFO  TableStoreWebApp.Route [(null)] - 12799 行数据批量提交成功！
2018-03-09 18:13:21,222 [23] INFO  TableStoreWebApp.Route [(null)] - 13199 行数据批量提交成功！
2018-03-09 18:13:21,344 [23] INFO  TableStoreWebApp.Route [(null)] - 13599 行数据批量提交成功！
2018-03-09 18:13:21,490 [23] INFO  TableStoreWebApp.Route [(null)] - 13999 行数据批量提交成功！
2018-03-09 18:13:21,664 [23] INFO  TableStoreWebApp.Route [(null)] - 14399 行数据批量提交成功！
2018-03-09 18:13:21,800 [23] INFO  TableStoreWebApp.Route [(null)] - 14799 行数据批量提交成功！
2018-03-09 18:13:21,930 [23] INFO  TableStoreWebApp.Route [(null)] - 15199 行数据批量提交成功！
2018-03-09 18:13:22,061 [23] INFO  TableStoreWebApp.Route [(null)] - 15599 行数据批量提交成功！
2018-03-09 18:13:22,176 [23] INFO  TableStoreWebApp.Route [(null)] - 15999 行数据批量提交成功！
2018-03-09 18:13:22,301 [23] INFO  TableStoreWebApp.Route [(null)] - 16399 行数据批量提交成功！
2018-03-09 18:13:22,422 [23] INFO  TableStoreWebApp.Route [(null)] - 16799 行数据批量提交成功！
2018-03-09 18:13:22,540 [23] INFO  TableStoreWebApp.Route [(null)] - 17199 行数据批量提交成功！
2018-03-09 18:13:22,671 [23] INFO  TableStoreWebApp.Route [(null)] - 17599 行数据批量提交成功！
2018-03-09 18:13:22,789 [23] INFO  TableStoreWebApp.Route [(null)] - 17999 行数据批量提交成功！
2018-03-09 18:13:22,911 [23] INFO  TableStoreWebApp.Route [(null)] - 18399 行数据批量提交成功！
2018-03-09 18:13:23,030 [23] INFO  TableStoreWebApp.Route [(null)] - 18799 行数据批量提交成功！
2018-03-09 18:13:23,149 [23] INFO  TableStoreWebApp.Route [(null)] - 19199 行数据批量提交成功！
2018-03-09 18:13:23,267 [23] INFO  TableStoreWebApp.Route [(null)] - 19599 行数据批量提交成功！
2018-03-09 18:13:23,382 [23] INFO  TableStoreWebApp.Route [(null)] - 19999 行数据批量提交成功！
2018-03-09 18:13:23,517 [23] INFO  TableStoreWebApp.Route [(null)] - 20399 行数据批量提交成功！
2018-03-09 18:13:23,658 [23] INFO  TableStoreWebApp.Route [(null)] - 20799 行数据批量提交成功！
2018-03-09 18:13:23,797 [23] INFO  TableStoreWebApp.Route [(null)] - 21199 行数据批量提交成功！
2018-03-09 18:13:23,938 [23] INFO  TableStoreWebApp.Route [(null)] - 21599 行数据批量提交成功！
2018-03-09 18:13:24,062 [23] INFO  TableStoreWebApp.Route [(null)] - 21999 行数据批量提交成功！
2018-03-09 18:13:24,080 [23] INFO  TableStoreWebApp.Route [(null)] - 22028 行数据批量提交成功！
2018-03-09 18:13:24,080 [23] DEBUG TableStoreWebApp.Route [(null)] - select distinct device_code,startTime,endTime,startLatitude,endLatitude,startLongitude,endLongitude,drivingTime,mileage,topSpeed,speedingTime,highSpeedTime,mediumSpeedTime,lowSpeedTime,idleTime,rapidAccelerationTimes,rapidDecelerationTimes,sharpTurnTimes from Vehicle_Route where id between 1500000 and 1600000
2018-03-09 18:13:24,114 [23] DEBUG TableStoreWebApp.Route [(null)] - Vehicle_Route表所有记录处理完成！
