2018-03-09 18:09:40,742 [1] INFO  TableStoreWebApp.Startup [(null)] - 开始执行...
2018-03-09 18:11:05,506 [1] INFO  TableStoreWebApp.Startup [(null)] - 开始执行...
2018-03-09 18:11:13,140 [5] INFO  TableStoreWebApp.Controllers.OTSSyncController [(null)] - OTSSync=>index()
2018-03-09 18:11:28,271 [11] DEBUG TableStoreWebApp.Controllers.OTSSyncController [(null)] - routeName=Vehicle_Route
2018-03-09 18:11:28,342 [11] DEBUG TableStoreWebApp.Controllers.OTSSyncController [(null)] - locationName=
2018-03-09 18:11:28,347 [11] DEBUG TableStoreWebApp.Controllers.OTSSyncController [(null)] - eventName=
2018-03-09 18:11:28,423 [19] DEBUG TableStoreWebApp.Route [(null)] - select distinct device_code,startTime,endTime,startLatitude,endLatitude,startLongitude,endLongitude,drivingTime,mileage,topSpeed,speedingTime,highSpeedTime,mediumSpeedTime,lowSpeedTime,idleTime,rapidAccelerationTimes,rapidDecelerationTimes,sharpTurnTimes from Vehicle_Route where id between 1300000 and 1400000
2018-03-09 18:11:29,864 [19] INFO  TableStoreWebApp.Route [(null)] - 399 行数据批量提交成功！
2018-03-09 18:11:30,007 [19] INFO  TableStoreWebApp.Route [(null)] - 799 行数据批量提交成功！
2018-03-09 18:11:30,132 [19] INFO  TableStoreWebApp.Route [(null)] - 1199 行数据批量提交成功！
2018-03-09 18:11:30,262 [19] INFO  TableStoreWebApp.Route [(null)] - 1599 行数据批量提交成功！
2018-03-09 18:11:30,390 [19] INFO  TableStoreWebApp.Route [(null)] - 1999 行数据批量提交成功！
2018-03-09 18:11:30,391 [19] INFO  TableStoreWebApp.Route [(null)] - 2025发现重复记录100000000000708;2017/6/11 17:28:35数据库记录：
2018-03-09 18:11:30,391 [19] INFO  TableStoreWebApp.Route [(null)] - 2177发现重复记录100000000000708;2017/6/11 17:28:35数据库记录：
2018-03-09 18:11:30,391 [19] INFO  TableStoreWebApp.Route [(null)] - 2179发现重复记录100000000000708;2017/6/11 17:28:35数据库记录：
2018-03-09 18:11:30,516 [19] INFO  TableStoreWebApp.Route [(null)] - 2405 行数据批量提交成功！
2018-03-09 18:11:30,649 [19] INFO  TableStoreWebApp.Route [(null)] - 2805 行数据批量提交成功！
2018-03-09 18:11:30,818 [19] INFO  TableStoreWebApp.Route [(null)] - 3205 行数据批量提交成功！
2018-03-09 18:11:30,954 [19] INFO  TableStoreWebApp.Route [(null)] - 3605 行数据批量提交成功！
2018-03-09 18:11:31,095 [19] INFO  TableStoreWebApp.Route [(null)] - 4005 行数据批量提交成功！
2018-03-09 18:11:31,228 [19] INFO  TableStoreWebApp.Route [(null)] - 4405 行数据批量提交成功！
2018-03-09 18:11:31,360 [19] INFO  TableStoreWebApp.Route [(null)] - 4805 行数据批量提交成功！
2018-03-09 18:11:31,484 [19] INFO  TableStoreWebApp.Route [(null)] - 5205 行数据批量提交成功！
2018-03-09 18:11:31,485 [19] INFO  TableStoreWebApp.Route [(null)] - 5601发现重复记录100000000003265;2016/1/1 8:00:27数据库记录：
2018-03-09 18:11:31,607 [19] INFO  TableStoreWebApp.Route [(null)] - 5607 行数据批量提交成功！
2018-03-09 18:11:31,733 [19] INFO  TableStoreWebApp.Route [(null)] - 6007 行数据批量提交成功！
2018-03-09 18:11:31,861 [19] INFO  TableStoreWebApp.Route [(null)] - 6407 行数据批量提交成功！
2018-03-09 18:11:31,981 [19] INFO  TableStoreWebApp.Route [(null)] - 6807 行数据批量提交成功！
2018-03-09 18:11:32,104 [19] INFO  TableStoreWebApp.Route [(null)] - 7207 行数据批量提交成功！
2018-03-09 18:11:32,244 [19] INFO  TableStoreWebApp.Route [(null)] - 7607 行数据批量提交成功！
2018-03-09 18:11:32,438 [19] INFO  TableStoreWebApp.Route [(null)] - 8007 行数据批量提交成功！
2018-03-09 18:11:32,587 [19] INFO  TableStoreWebApp.Route [(null)] - 8407 行数据批量提交成功！
2018-03-09 18:11:32,720 [19] INFO  TableStoreWebApp.Route [(null)] - 8807 行数据批量提交成功！
2018-03-09 18:11:32,861 [19] INFO  TableStoreWebApp.Route [(null)] - 9207 行数据批量提交成功！
2018-03-09 18:11:32,991 [19] INFO  TableStoreWebApp.Route [(null)] - 9607 行数据批量提交成功！
2018-03-09 18:11:33,139 [19] INFO  TableStoreWebApp.Route [(null)] - 10007 行数据批量提交成功！
2018-03-09 18:11:33,272 [19] INFO  TableStoreWebApp.Route [(null)] - 10407 行数据批量提交成功！
2018-03-09 18:11:33,400 [19] INFO  TableStoreWebApp.Route [(null)] - 10807 行数据批量提交成功！
2018-03-09 18:11:33,531 [19] INFO  TableStoreWebApp.Route [(null)] - 11207 行数据批量提交成功！
2018-03-09 18:11:33,656 [19] INFO  TableStoreWebApp.Route [(null)] - 11607 行数据批量提交成功！
2018-03-09 18:11:33,829 [19] INFO  TableStoreWebApp.Route [(null)] - 12007 行数据批量提交成功！
2018-03-09 18:11:34,008 [19] INFO  TableStoreWebApp.Route [(null)] - 12407 行数据批量提交成功！
2018-03-09 18:11:34,143 [19] INFO  TableStoreWebApp.Route [(null)] - 12807 行数据批量提交成功！
2018-03-09 18:11:34,281 [19] INFO  TableStoreWebApp.Route [(null)] - 13207 行数据批量提交成功！
2018-03-09 18:11:34,419 [19] INFO  TableStoreWebApp.Route [(null)] - 13607 行数据批量提交成功！
2018-03-09 18:11:34,546 [19] INFO  TableStoreWebApp.Route [(null)] - 14007 行数据批量提交成功！
2018-03-09 18:11:34,702 [19] INFO  TableStoreWebApp.Route [(null)] - 14407 行数据批量提交成功！
2018-03-09 18:11:34,838 [19] INFO  TableStoreWebApp.Route [(null)] - 14807 行数据批量提交成功！
2018-03-09 18:11:34,970 [19] INFO  TableStoreWebApp.Route [(null)] - 15207 行数据批量提交成功！
2018-03-09 18:11:35,093 [19] INFO  TableStoreWebApp.Route [(null)] - 15607 行数据批量提交成功！
2018-03-09 18:11:35,253 [19] INFO  TableStoreWebApp.Route [(null)] - 16007 行数据批量提交成功！
2018-03-09 18:11:35,386 [19] INFO  TableStoreWebApp.Route [(null)] - 16407 行数据批量提交成功！
2018-03-09 18:11:35,533 [19] INFO  TableStoreWebApp.Route [(null)] - 16807 行数据批量提交成功！
2018-03-09 18:11:35,670 [19] INFO  TableStoreWebApp.Route [(null)] - 17207 行数据批量提交成功！
2018-03-09 18:11:35,809 [19] INFO  TableStoreWebApp.Route [(null)] - 17607 行数据批量提交成功！
2018-03-09 18:11:35,939 [19] INFO  TableStoreWebApp.Route [(null)] - 18007 行数据批量提交成功！
2018-03-09 18:11:36,093 [19] INFO  TableStoreWebApp.Route [(null)] - 18407 行数据批量提交成功！
2018-03-09 18:11:36,229 [19] INFO  TableStoreWebApp.Route [(null)] - 18807 行数据批量提交成功！
2018-03-09 18:11:36,358 [19] INFO  TableStoreWebApp.Route [(null)] - 19207 行数据批量提交成功！
2018-03-09 18:11:36,514 [19] INFO  TableStoreWebApp.Route [(null)] - 19607 行数据批量提交成功！
2018-03-09 18:11:36,658 [19] INFO  TableStoreWebApp.Route [(null)] - 20007 行数据批量提交成功！
2018-03-09 18:11:36,808 [19] INFO  TableStoreWebApp.Route [(null)] - 20407 行数据批量提交成功！
2018-03-09 18:11:36,933 [19] INFO  TableStoreWebApp.Route [(null)] - 20807 行数据批量提交成功！
2018-03-09 18:11:37,133 [19] INFO  TableStoreWebApp.Route [(null)] - 21207 行数据批量提交成功！
2018-03-09 18:11:37,260 [19] INFO  TableStoreWebApp.Route [(null)] - 21607 行数据批量提交成功！
2018-03-09 18:11:37,393 [19] INFO  TableStoreWebApp.Route [(null)] - 22007 行数据批量提交成功！
2018-03-09 18:11:37,523 [19] INFO  TableStoreWebApp.Route [(null)] - 22407 行数据批量提交成功！
2018-03-09 18:11:37,651 [19] INFO  TableStoreWebApp.Route [(null)] - 22807 行数据批量提交成功！
2018-03-09 18:11:37,772 [19] INFO  TableStoreWebApp.Route [(null)] - 23207 行数据批量提交成功！
2018-03-09 18:11:37,893 [19] INFO  TableStoreWebApp.Route [(null)] - 23607 行数据批量提交成功！
2018-03-09 18:11:38,025 [19] INFO  TableStoreWebApp.Route [(null)] - 24007 行数据批量提交成功！
2018-03-09 18:11:38,162 [19] INFO  TableStoreWebApp.Route [(null)] - 24407 行数据批量提交成功！
2018-03-09 18:11:38,291 [19] INFO  TableStoreWebApp.Route [(null)] - 24807 行数据批量提交成功！
2018-03-09 18:11:38,428 [19] INFO  TableStoreWebApp.Route [(null)] - 25207 行数据批量提交成功！
2018-03-09 18:11:38,595 [19] INFO  TableStoreWebApp.Route [(null)] - 25607 行数据批量提交成功！
2018-03-09 18:11:38,595 [19] INFO  TableStoreWebApp.Route [(null)] - 25715发现重复记录100000000000708;2017/6/11 17:07:22数据库记录：
2018-03-09 18:11:38,764 [19] INFO  TableStoreWebApp.Route [(null)] - 26009 行数据批量提交成功！
2018-03-09 18:11:38,897 [19] INFO  TableStoreWebApp.Route [(null)] - 26409 行数据批量提交成功！
2018-03-09 18:11:39,091 [19] INFO  TableStoreWebApp.Route [(null)] - 26809 行数据批量提交成功！
2018-03-09 18:11:39,221 [19] INFO  TableStoreWebApp.Route [(null)] - 27209 行数据批量提交成功！
2018-03-09 18:11:39,360 [19] INFO  TableStoreWebApp.Route [(null)] - 27609 行数据批量提交成功！
2018-03-09 18:11:39,511 [19] INFO  TableStoreWebApp.Route [(null)] - 28009 行数据批量提交成功！
2018-03-09 18:11:39,672 [19] INFO  TableStoreWebApp.Route [(null)] - 28409 行数据批量提交成功！
2018-03-09 18:11:39,802 [19] INFO  TableStoreWebApp.Route [(null)] - 28809 行数据批量提交成功！
2018-03-09 18:11:39,967 [19] INFO  TableStoreWebApp.Route [(null)] - 29209 行数据批量提交成功！
2018-03-09 18:11:40,116 [19] INFO  TableStoreWebApp.Route [(null)] - 29609 行数据批量提交成功！
2018-03-09 18:11:40,250 [19] INFO  TableStoreWebApp.Route [(null)] - 30009 行数据批量提交成功！
2018-03-09 18:11:40,386 [19] INFO  TableStoreWebApp.Route [(null)] - 30409 行数据批量提交成功！
2018-03-09 18:11:40,528 [19] INFO  TableStoreWebApp.Route [(null)] - 30809 行数据批量提交成功！
2018-03-09 18:11:40,683 [19] INFO  TableStoreWebApp.Route [(null)] - 31209 行数据批量提交成功！
2018-03-09 18:11:40,830 [19] INFO  TableStoreWebApp.Route [(null)] - 31609 行数据批量提交成功！
2018-03-09 18:11:41,148 [19] INFO  TableStoreWebApp.Route [(null)] - 32009 行数据批量提交成功！
2018-03-09 18:11:41,286 [19] INFO  TableStoreWebApp.Route [(null)] - 32409 行数据批量提交成功！
2018-03-09 18:11:41,424 [19] INFO  TableStoreWebApp.Route [(null)] - 32809 行数据批量提交成功！
2018-03-09 18:11:41,553 [19] INFO  TableStoreWebApp.Route [(null)] - 33209 行数据批量提交成功！
2018-03-09 18:11:41,711 [19] INFO  TableStoreWebApp.Route [(null)] - 33609 行数据批量提交成功！
2018-03-09 18:11:41,838 [19] INFO  TableStoreWebApp.Route [(null)] - 34009 行数据批量提交成功！
2018-03-09 18:11:41,985 [19] INFO  TableStoreWebApp.Route [(null)] - 34409 行数据批量提交成功！
2018-03-09 18:11:42,115 [19] INFO  TableStoreWebApp.Route [(null)] - 34809 行数据批量提交成功！
2018-03-09 18:11:42,264 [19] INFO  TableStoreWebApp.Route [(null)] - 35209 行数据批量提交成功！
2018-03-09 18:11:42,389 [19] INFO  TableStoreWebApp.Route [(null)] - 35609 行数据批量提交成功！
2018-03-09 18:11:42,512 [19] INFO  TableStoreWebApp.Route [(null)] - 36009 行数据批量提交成功！
2018-03-09 18:11:42,636 [19] INFO  TableStoreWebApp.Route [(null)] - 36409 行数据批量提交成功！
2018-03-09 18:11:42,779 [19] INFO  TableStoreWebApp.Route [(null)] - 36809 行数据批量提交成功！
2018-03-09 18:11:42,913 [19] INFO  TableStoreWebApp.Route [(null)] - 37209 行数据批量提交成功！
2018-03-09 18:11:43,085 [19] INFO  TableStoreWebApp.Route [(null)] - 37609 行数据批量提交成功！
2018-03-09 18:11:43,241 [19] INFO  TableStoreWebApp.Route [(null)] - 38009 行数据批量提交成功！
2018-03-09 18:11:43,365 [19] INFO  TableStoreWebApp.Route [(null)] - 38409 行数据批量提交成功！
2018-03-09 18:11:43,513 [19] INFO  TableStoreWebApp.Route [(null)] - 38809 行数据批量提交成功！
2018-03-09 18:11:43,638 [19] INFO  TableStoreWebApp.Route [(null)] - 39209 行数据批量提交成功！
2018-03-09 18:11:43,771 [19] INFO  TableStoreWebApp.Route [(null)] - 39609 行数据批量提交成功！
2018-03-09 18:11:43,925 [19] INFO  TableStoreWebApp.Route [(null)] - 40009 行数据批量提交成功！
2018-03-09 18:11:44,061 [19] INFO  TableStoreWebApp.Route [(null)] - 40409 行数据批量提交成功！
2018-03-09 18:11:44,206 [19] INFO  TableStoreWebApp.Route [(null)] - 40809 行数据批量提交成功！
2018-03-09 18:11:44,329 [19] INFO  TableStoreWebApp.Route [(null)] - 41209 行数据批量提交成功！
2018-03-09 18:11:44,458 [19] INFO  TableStoreWebApp.Route [(null)] - 41609 行数据批量提交成功！
2018-03-09 18:11:44,602 [19] INFO  TableStoreWebApp.Route [(null)] - 42009 行数据批量提交成功！
2018-03-09 18:11:44,734 [19] INFO  TableStoreWebApp.Route [(null)] - 42409 行数据批量提交成功！
2018-03-09 18:11:44,849 [19] INFO  TableStoreWebApp.Route [(null)] - 42809 行数据批量提交成功！
2018-03-09 18:11:44,983 [19] INFO  TableStoreWebApp.Route [(null)] - 43209 行数据批量提交成功！
2018-03-09 18:11:45,106 [19] INFO  TableStoreWebApp.Route [(null)] - 43609 行数据批量提交成功！
2018-03-09 18:11:45,227 [19] INFO  TableStoreWebApp.Route [(null)] - 44009 行数据批量提交成功！
2018-03-09 18:11:45,354 [19] INFO  TableStoreWebApp.Route [(null)] - 44409 行数据批量提交成功！
2018-03-09 18:11:45,486 [19] INFO  TableStoreWebApp.Route [(null)] - 44809 行数据批量提交成功！
2018-03-09 18:11:45,612 [19] INFO  TableStoreWebApp.Route [(null)] - 45209 行数据批量提交成功！
2018-03-09 18:11:45,735 [19] INFO  TableStoreWebApp.Route [(null)] - 45609 行数据批量提交成功！
2018-03-09 18:11:45,858 [19] INFO  TableStoreWebApp.Route [(null)] - 46009 行数据批量提交成功！
2018-03-09 18:11:45,990 [19] INFO  TableStoreWebApp.Route [(null)] - 46409 行数据批量提交成功！
2018-03-09 18:11:46,118 [19] INFO  TableStoreWebApp.Route [(null)] - 46809 行数据批量提交成功！
2018-03-09 18:11:46,242 [19] INFO  TableStoreWebApp.Route [(null)] - 47209 行数据批量提交成功！
2018-03-09 18:11:46,372 [19] INFO  TableStoreWebApp.Route [(null)] - 47609 行数据批量提交成功！
2018-03-09 18:11:46,495 [19] INFO  TableStoreWebApp.Route [(null)] - 48009 行数据批量提交成功！
2018-03-09 18:11:46,657 [19] INFO  TableStoreWebApp.Route [(null)] - 48409 行数据批量提交成功！
2018-03-09 18:11:46,780 [19] INFO  TableStoreWebApp.Route [(null)] - 48809 行数据批量提交成功！
2018-03-09 18:11:46,901 [19] INFO  TableStoreWebApp.Route [(null)] - 49209 行数据批量提交成功！
2018-03-09 18:11:47,037 [19] INFO  TableStoreWebApp.Route [(null)] - 49609 行数据批量提交成功！
2018-03-09 18:11:47,160 [19] INFO  TableStoreWebApp.Route [(null)] - 50009 行数据批量提交成功！
2018-03-09 18:11:47,302 [19] INFO  TableStoreWebApp.Route [(null)] - 50409 行数据批量提交成功！
2018-03-09 18:11:47,433 [19] INFO  TableStoreWebApp.Route [(null)] - 50809 行数据批量提交成功！
2018-03-09 18:11:47,556 [19] INFO  TableStoreWebApp.Route [(null)] - 51209 行数据批量提交成功！
2018-03-09 18:11:47,710 [19] INFO  TableStoreWebApp.Route [(null)] - 51609 行数据批量提交成功！
2018-03-09 18:11:47,877 [19] INFO  TableStoreWebApp.Route [(null)] - 52009 行数据批量提交成功！
2018-03-09 18:11:48,011 [19] INFO  TableStoreWebApp.Route [(null)] - 52409 行数据批量提交成功！
2018-03-09 18:11:48,135 [19] INFO  TableStoreWebApp.Route [(null)] - 52809 行数据批量提交成功！
2018-03-09 18:11:48,272 [19] INFO  TableStoreWebApp.Route [(null)] - 53209 行数据批量提交成功！
2018-03-09 18:11:48,423 [19] INFO  TableStoreWebApp.Route [(null)] - 53609 行数据批量提交成功！
2018-03-09 18:11:48,558 [19] INFO  TableStoreWebApp.Route [(null)] - 54009 行数据批量提交成功！
2018-03-09 18:11:48,684 [19] INFO  TableStoreWebApp.Route [(null)] - 54409 行数据批量提交成功！
2018-03-09 18:11:48,805 [19] INFO  TableStoreWebApp.Route [(null)] - 54809 行数据批量提交成功！
2018-03-09 18:11:48,966 [19] INFO  TableStoreWebApp.Route [(null)] - 55209 行数据批量提交成功！
2018-03-09 18:11:49,097 [19] INFO  TableStoreWebApp.Route [(null)] - 55609 行数据批量提交成功！
2018-03-09 18:11:49,221 [19] INFO  TableStoreWebApp.Route [(null)] - 56009 行数据批量提交成功！
2018-03-09 18:11:49,408 [19] INFO  TableStoreWebApp.Route [(null)] - 56409 行数据批量提交成功！
2018-03-09 18:11:49,532 [19] INFO  TableStoreWebApp.Route [(null)] - 56809 行数据批量提交成功！
2018-03-09 18:11:49,657 [19] INFO  TableStoreWebApp.Route [(null)] - 57209 行数据批量提交成功！
2018-03-09 18:11:49,795 [19] INFO  TableStoreWebApp.Route [(null)] - 57609 行数据批量提交成功！
2018-03-09 18:11:49,949 [19] INFO  TableStoreWebApp.Route [(null)] - 58009 行数据批量提交成功！
2018-03-09 18:11:50,074 [19] INFO  TableStoreWebApp.Route [(null)] - 58409 行数据批量提交成功！
2018-03-09 18:11:50,227 [19] INFO  TableStoreWebApp.Route [(null)] - 58809 行数据批量提交成功！
2018-03-09 18:11:50,377 [19] INFO  TableStoreWebApp.Route [(null)] - 59209 行数据批量提交成功！
2018-03-09 18:11:50,512 [19] INFO  TableStoreWebApp.Route [(null)] - 59609 行数据批量提交成功！
2018-03-09 18:11:50,671 [19] INFO  TableStoreWebApp.Route [(null)] - 60009 行数据批量提交成功！
2018-03-09 18:11:50,802 [19] INFO  TableStoreWebApp.Route [(null)] - 60409 行数据批量提交成功！
2018-03-09 18:11:50,928 [19] INFO  TableStoreWebApp.Route [(null)] - 60809 行数据批量提交成功！
2018-03-09 18:11:51,098 [19] INFO  TableStoreWebApp.Route [(null)] - 61209 行数据批量提交成功！
2018-03-09 18:11:51,225 [19] INFO  TableStoreWebApp.Route [(null)] - 61609 行数据批量提交成功！
2018-03-09 18:11:51,346 [19] INFO  TableStoreWebApp.Route [(null)] - 62009 行数据批量提交成功！
2018-03-09 18:11:51,498 [19] INFO  TableStoreWebApp.Route [(null)] - 62409 行数据批量提交成功！
2018-03-09 18:11:51,632 [19] INFO  TableStoreWebApp.Route [(null)] - 62809 行数据批量提交成功！
2018-03-09 18:11:51,755 [19] INFO  TableStoreWebApp.Route [(null)] - 63209 行数据批量提交成功！
2018-03-09 18:11:51,900 [19] INFO  TableStoreWebApp.Route [(null)] - 63609 行数据批量提交成功！
2018-03-09 18:11:52,071 [19] INFO  TableStoreWebApp.Route [(null)] - 64009 行数据批量提交成功！
2018-03-09 18:11:52,208 [19] INFO  TableStoreWebApp.Route [(null)] - 64409 行数据批量提交成功！
2018-03-09 18:11:52,332 [19] INFO  TableStoreWebApp.Route [(null)] - 64809 行数据批量提交成功！
2018-03-09 18:11:52,482 [19] INFO  TableStoreWebApp.Route [(null)] - 65209 行数据批量提交成功！
2018-03-09 18:11:52,603 [19] INFO  TableStoreWebApp.Route [(null)] - 65609 行数据批量提交成功！
2018-03-09 18:11:52,751 [19] INFO  TableStoreWebApp.Route [(null)] - 66009 行数据批量提交成功！
2018-03-09 18:11:52,877 [19] INFO  TableStoreWebApp.Route [(null)] - 66409 行数据批量提交成功！
2018-03-09 18:11:53,016 [19] INFO  TableStoreWebApp.Route [(null)] - 66809 行数据批量提交成功！
2018-03-09 18:11:53,143 [19] INFO  TableStoreWebApp.Route [(null)] - 67209 行数据批量提交成功！
2018-03-09 18:11:53,287 [19] INFO  TableStoreWebApp.Route [(null)] - 67609 行数据批量提交成功！
2018-03-09 18:11:53,412 [19] INFO  TableStoreWebApp.Route [(null)] - 68009 行数据批量提交成功！
2018-03-09 18:11:53,556 [19] INFO  TableStoreWebApp.Route [(null)] - 68409 行数据批量提交成功！
2018-03-09 18:11:53,683 [19] INFO  TableStoreWebApp.Route [(null)] - 68809 行数据批量提交成功！
2018-03-09 18:11:53,802 [19] INFO  TableStoreWebApp.Route [(null)] - 69209 行数据批量提交成功！
2018-03-09 18:11:53,945 [19] INFO  TableStoreWebApp.Route [(null)] - 69609 行数据批量提交成功！
2018-03-09 18:11:54,066 [19] INFO  TableStoreWebApp.Route [(null)] - 70009 行数据批量提交成功！
2018-03-09 18:11:54,192 [19] INFO  TableStoreWebApp.Route [(null)] - 70409 行数据批量提交成功！
2018-03-09 18:11:54,337 [19] INFO  TableStoreWebApp.Route [(null)] - 70809 行数据批量提交成功！
2018-03-09 18:11:54,468 [19] INFO  TableStoreWebApp.Route [(null)] - 71209 行数据批量提交成功！
2018-03-09 18:11:54,612 [19] INFO  TableStoreWebApp.Route [(null)] - 71609 行数据批量提交成功！
2018-03-09 18:11:54,737 [19] INFO  TableStoreWebApp.Route [(null)] - 72009 行数据批量提交成功！
2018-03-09 18:11:54,878 [19] INFO  TableStoreWebApp.Route [(null)] - 72409 行数据批量提交成功！
2018-03-09 18:11:55,006 [19] INFO  TableStoreWebApp.Route [(null)] - 72809 行数据批量提交成功！
2018-03-09 18:11:55,148 [19] INFO  TableStoreWebApp.Route [(null)] - 73209 行数据批量提交成功！
2018-03-09 18:11:55,300 [19] INFO  TableStoreWebApp.Route [(null)] - 73609 行数据批量提交成功！
2018-03-09 18:11:55,431 [19] INFO  TableStoreWebApp.Route [(null)] - 74009 行数据批量提交成功！
2018-03-09 18:11:55,576 [19] INFO  TableStoreWebApp.Route [(null)] - 74409 行数据批量提交成功！
2018-03-09 18:11:55,731 [19] INFO  TableStoreWebApp.Route [(null)] - 74809 行数据批量提交成功！
2018-03-09 18:11:55,869 [19] INFO  TableStoreWebApp.Route [(null)] - 75209 行数据批量提交成功！
2018-03-09 18:11:56,011 [19] INFO  TableStoreWebApp.Route [(null)] - 75609 行数据批量提交成功！
2018-03-09 18:11:56,159 [19] INFO  TableStoreWebApp.Route [(null)] - 76009 行数据批量提交成功！
2018-03-09 18:11:56,283 [19] INFO  TableStoreWebApp.Route [(null)] - 76409 行数据批量提交成功！
2018-03-09 18:11:56,417 [19] INFO  TableStoreWebApp.Route [(null)] - 76809 行数据批量提交成功！
2018-03-09 18:11:56,595 [19] INFO  TableStoreWebApp.Route [(null)] - 77209 行数据批量提交成功！
2018-03-09 18:11:56,724 [19] INFO  TableStoreWebApp.Route [(null)] - 77609 行数据批量提交成功！
2018-03-09 18:11:56,857 [19] INFO  TableStoreWebApp.Route [(null)] - 78009 行数据批量提交成功！
2018-03-09 18:11:56,993 [19] INFO  TableStoreWebApp.Route [(null)] - 78409 行数据批量提交成功！
2018-03-09 18:11:57,115 [19] INFO  TableStoreWebApp.Route [(null)] - 78809 行数据批量提交成功！
2018-03-09 18:11:57,251 [19] INFO  TableStoreWebApp.Route [(null)] - 79209 行数据批量提交成功！
2018-03-09 18:11:57,385 [19] INFO  TableStoreWebApp.Route [(null)] - 79609 行数据批量提交成功！
2018-03-09 18:11:57,511 [19] INFO  TableStoreWebApp.Route [(null)] - 80009 行数据批量提交成功！
2018-03-09 18:11:57,649 [19] INFO  TableStoreWebApp.Route [(null)] - 80409 行数据批量提交成功！
2018-03-09 18:11:57,796 [19] INFO  TableStoreWebApp.Route [(null)] - 80809 行数据批量提交成功！
2018-03-09 18:11:57,936 [19] INFO  TableStoreWebApp.Route [(null)] - 81209 行数据批量提交成功！
2018-03-09 18:11:58,057 [19] INFO  TableStoreWebApp.Route [(null)] - 81609 行数据批量提交成功！
2018-03-09 18:11:58,186 [19] INFO  TableStoreWebApp.Route [(null)] - 82009 行数据批量提交成功！
2018-03-09 18:11:58,351 [19] INFO  TableStoreWebApp.Route [(null)] - 82409 行数据批量提交成功！
2018-03-09 18:11:58,480 [19] INFO  TableStoreWebApp.Route [(null)] - 82809 行数据批量提交成功！
2018-03-09 18:11:58,605 [19] INFO  TableStoreWebApp.Route [(null)] - 83209 行数据批量提交成功！
2018-03-09 18:11:58,764 [19] INFO  TableStoreWebApp.Route [(null)] - 83609 行数据批量提交成功！
2018-03-09 18:11:58,892 [19] INFO  TableStoreWebApp.Route [(null)] - 84009 行数据批量提交成功！
2018-03-09 18:11:59,034 [19] INFO  TableStoreWebApp.Route [(null)] - 84409 行数据批量提交成功！
2018-03-09 18:11:59,171 [19] INFO  TableStoreWebApp.Route [(null)] - 84809 行数据批量提交成功！
2018-03-09 18:11:59,321 [19] INFO  TableStoreWebApp.Route [(null)] - 85209 行数据批量提交成功！
2018-03-09 18:11:59,459 [19] INFO  TableStoreWebApp.Route [(null)] - 85609 行数据批量提交成功！
2018-03-09 18:11:59,581 [19] INFO  TableStoreWebApp.Route [(null)] - 86009 行数据批量提交成功！
2018-03-09 18:11:59,711 [19] INFO  TableStoreWebApp.Route [(null)] - 86409 行数据批量提交成功！
2018-03-09 18:11:59,894 [19] INFO  TableStoreWebApp.Route [(null)] - 86809 行数据批量提交成功！
2018-03-09 18:12:00,013 [19] INFO  TableStoreWebApp.Route [(null)] - 87209 行数据批量提交成功！
2018-03-09 18:12:00,139 [19] INFO  TableStoreWebApp.Route [(null)] - 87609 行数据批量提交成功！
2018-03-09 18:12:00,267 [19] INFO  TableStoreWebApp.Route [(null)] - 88009 行数据批量提交成功！
2018-03-09 18:12:00,413 [19] INFO  TableStoreWebApp.Route [(null)] - 88409 行数据批量提交成功！
2018-03-09 18:12:00,534 [19] INFO  TableStoreWebApp.Route [(null)] - 88809 行数据批量提交成功！
2018-03-09 18:12:00,666 [19] INFO  TableStoreWebApp.Route [(null)] - 89209 行数据批量提交成功！
2018-03-09 18:12:00,785 [19] INFO  TableStoreWebApp.Route [(null)] - 89609 行数据批量提交成功！
2018-03-09 18:12:01,000 [19] INFO  TableStoreWebApp.Route [(null)] - 90009 行数据批量提交成功！
2018-03-09 18:12:01,025 [19] INFO  TableStoreWebApp.Route [(null)] - 90044 行数据批量提交成功！
2018-03-09 18:12:01,025 [19] DEBUG TableStoreWebApp.Route [(null)] - select distinct device_code,startTime,endTime,startLatitude,endLatitude,startLongitude,endLongitude,drivingTime,mileage,topSpeed,speedingTime,highSpeedTime,mediumSpeedTime,lowSpeedTime,idleTime,rapidAccelerationTimes,rapidDecelerationTimes,sharpTurnTimes from Vehicle_Route where id between 1400000 and 1500000
2018-03-09 18:12:01,292 [19] INFO  TableStoreWebApp.Route [(null)] - 399 行数据批量提交成功！
2018-03-09 18:12:01,416 [19] INFO  TableStoreWebApp.Route [(null)] - 799 行数据批量提交成功！
2018-03-09 18:12:01,543 [19] INFO  TableStoreWebApp.Route [(null)] - 1199 行数据批量提交成功！
2018-03-09 18:12:01,690 [19] INFO  TableStoreWebApp.Route [(null)] - 1599 行数据批量提交成功！
2018-03-09 18:12:01,812 [19] INFO  TableStoreWebApp.Route [(null)] - 1999 行数据批量提交成功！
2018-03-09 18:12:01,966 [19] INFO  TableStoreWebApp.Route [(null)] - 2399 行数据批量提交成功！
2018-03-09 18:12:02,088 [19] INFO  TableStoreWebApp.Route [(null)] - 2799 行数据批量提交成功！
2018-03-09 18:12:02,213 [19] INFO  TableStoreWebApp.Route [(null)] - 3199 行数据批量提交成功！
2018-03-09 18:12:02,342 [19] INFO  TableStoreWebApp.Route [(null)] - 3599 行数据批量提交成功！
2018-03-09 18:12:02,466 [19] INFO  TableStoreWebApp.Route [(null)] - 3999 行数据批量提交成功！
2018-03-09 18:12:02,586 [19] INFO  TableStoreWebApp.Route [(null)] - 4399 行数据批量提交成功！
2018-03-09 18:12:02,717 [19] INFO  TableStoreWebApp.Route [(null)] - 4799 行数据批量提交成功！
2018-03-09 18:12:02,837 [19] INFO  TableStoreWebApp.Route [(null)] - 5199 行数据批量提交成功！
2018-03-09 18:12:02,970 [19] INFO  TableStoreWebApp.Route [(null)] - 5599 行数据批量提交成功！
2018-03-09 18:12:03,131 [19] INFO  TableStoreWebApp.Route [(null)] - 5999 行数据批量提交成功！
2018-03-09 18:12:03,272 [19] INFO  TableStoreWebApp.Route [(null)] - 6399 行数据批量提交成功！
2018-03-09 18:12:03,401 [19] INFO  TableStoreWebApp.Route [(null)] - 6799 行数据批量提交成功！
2018-03-09 18:12:03,541 [19] INFO  TableStoreWebApp.Route [(null)] - 7199 行数据批量提交成功！
2018-03-09 18:12:03,693 [19] INFO  TableStoreWebApp.Route [(null)] - 7599 行数据批量提交成功！
2018-03-09 18:12:03,829 [19] INFO  TableStoreWebApp.Route [(null)] - 7999 行数据批量提交成功！
2018-03-09 18:12:03,961 [19] INFO  TableStoreWebApp.Route [(null)] - 8399 行数据批量提交成功！
2018-03-09 18:12:04,096 [19] INFO  TableStoreWebApp.Route [(null)] - 8799 行数据批量提交成功！
2018-03-09 18:12:04,236 [19] INFO  TableStoreWebApp.Route [(null)] - 9199 行数据批量提交成功！
2018-03-09 18:12:04,369 [19] INFO  TableStoreWebApp.Route [(null)] - 9599 行数据批量提交成功！
2018-03-09 18:12:04,495 [19] INFO  TableStoreWebApp.Route [(null)] - 9999 行数据批量提交成功！
2018-03-09 18:12:04,638 [19] INFO  TableStoreWebApp.Route [(null)] - 10399 行数据批量提交成功！
2018-03-09 18:12:04,805 [19] INFO  TableStoreWebApp.Route [(null)] - 10799 行数据批量提交成功！
2018-03-09 18:12:04,944 [19] INFO  TableStoreWebApp.Route [(null)] - 11199 行数据批量提交成功！
2018-03-09 18:12:05,066 [19] INFO  TableStoreWebApp.Route [(null)] - 11599 行数据批量提交成功！
2018-03-09 18:12:05,205 [19] INFO  TableStoreWebApp.Route [(null)] - 11999 行数据批量提交成功！
2018-03-09 18:12:05,334 [19] INFO  TableStoreWebApp.Route [(null)] - 12399 行数据批量提交成功！
2018-03-09 18:12:05,473 [19] INFO  TableStoreWebApp.Route [(null)] - 12799 行数据批量提交成功！
2018-03-09 18:12:05,629 [19] INFO  TableStoreWebApp.Route [(null)] - 13199 行数据批量提交成功！
2018-03-09 18:12:05,758 [19] INFO  TableStoreWebApp.Route [(null)] - 13599 行数据批量提交成功！
2018-03-09 18:12:05,897 [19] INFO  TableStoreWebApp.Route [(null)] - 13999 行数据批量提交成功！
2018-03-09 18:12:06,038 [19] INFO  TableStoreWebApp.Route [(null)] - 14399 行数据批量提交成功！
2018-03-09 18:12:06,179 [19] INFO  TableStoreWebApp.Route [(null)] - 14799 行数据批量提交成功！
2018-03-09 18:12:06,306 [19] INFO  TableStoreWebApp.Route [(null)] - 15199 行数据批量提交成功！
2018-03-09 18:12:06,452 [19] INFO  TableStoreWebApp.Route [(null)] - 15599 行数据批量提交成功！
2018-03-09 18:12:06,589 [19] INFO  TableStoreWebApp.Route [(null)] - 15999 行数据批量提交成功！
2018-03-09 18:12:06,763 [19] INFO  TableStoreWebApp.Route [(null)] - 16399 行数据批量提交成功！
2018-03-09 18:12:06,911 [19] INFO  TableStoreWebApp.Route [(null)] - 16799 行数据批量提交成功！
2018-03-09 18:12:07,050 [19] INFO  TableStoreWebApp.Route [(null)] - 17199 行数据批量提交成功！
2018-03-09 18:12:07,212 [19] INFO  TableStoreWebApp.Route [(null)] - 17599 行数据批量提交成功！
2018-03-09 18:12:07,331 [19] INFO  TableStoreWebApp.Route [(null)] - 17999 行数据批量提交成功！
2018-03-09 18:12:07,478 [19] INFO  TableStoreWebApp.Route [(null)] - 18399 行数据批量提交成功！
2018-03-09 18:12:07,617 [19] INFO  TableStoreWebApp.Route [(null)] - 18799 行数据批量提交成功！
2018-03-09 18:12:07,763 [19] INFO  TableStoreWebApp.Route [(null)] - 19199 行数据批量提交成功！
2018-03-09 18:12:07,900 [19] INFO  TableStoreWebApp.Route [(null)] - 19599 行数据批量提交成功！
2018-03-09 18:12:08,073 [19] INFO  TableStoreWebApp.Route [(null)] - 19999 行数据批量提交成功！
2018-03-09 18:12:08,208 [19] INFO  TableStoreWebApp.Route [(null)] - 20399 行数据批量提交成功！
2018-03-09 18:12:08,336 [19] INFO  TableStoreWebApp.Route [(null)] - 20799 行数据批量提交成功！
2018-03-09 18:12:08,494 [19] INFO  TableStoreWebApp.Route [(null)] - 21199 行数据批量提交成功！
2018-03-09 18:12:08,630 [19] INFO  TableStoreWebApp.Route [(null)] - 21599 行数据批量提交成功！
2018-03-09 18:12:08,792 [19] INFO  TableStoreWebApp.Route [(null)] - 21999 行数据批量提交成功！
2018-03-09 18:12:08,809 [19] INFO  TableStoreWebApp.Route [(null)] - 22028 行数据批量提交成功！
2018-03-09 18:12:08,809 [19] DEBUG TableStoreWebApp.Route [(null)] - select distinct device_code,startTime,endTime,startLatitude,endLatitude,startLongitude,endLongitude,drivingTime,mileage,topSpeed,speedingTime,highSpeedTime,mediumSpeedTime,lowSpeedTime,idleTime,rapidAccelerationTimes,rapidDecelerationTimes,sharpTurnTimes from Vehicle_Route where id between 1500000 and 1600000
2018-03-09 18:12:08,843 [19] DEBUG TableStoreWebApp.Route [(null)] - Vehicle_Route表所有记录处理完成！
