2018-03-09 10:42:30,243 [1] INFO  TableStoreWebApp.Startup [(null)] - 开始执行...
2018-03-09 10:42:44,275 [5] INFO  TableStoreWebApp.Controllers.OTSSyncController [(null)] - OTSSync=>index()
2018-03-09 11:22:08,629 [1] INFO  TableStoreWebApp.Startup [(null)] - 开始执行...
2018-03-09 11:22:19,871 [1] INFO  TableStoreWebApp.Startup [(null)] - 开始执行...
2018-03-09 11:34:08,238 [1] INFO  TableStoreWebApp.Startup [(null)] - 开始执行...
2018-03-09 11:34:18,035 [10] INFO  TableStoreWebApp.Controllers.OTSSyncController [(null)] - OTSSync=>index()
2018-03-09 11:34:20,529 [5] DEBUG TableStoreWebApp.Route [(null)] - select distinct device_code,startTime,endTime,startLatitude,endLatitude,startLongitude,endLongitude,drivingTime,mileage,topSpeed,speedingTime,highSpeedTime,mediumSpeedTime,lowSpeedTime,idleTime,rapidAccelerationTimes,rapidDecelerationTimes,sharpTurnTimes from Vehicle_Route where id between 0 and 100000
2018-03-09 11:34:20,714 [5] INFO  TableStoreWebApp.Route [(null)] - 发现重复记录101601190002;2015/1/2 11:04:05数据库记录：
2018-03-09 11:34:21,502 [5] INFO  TableStoreWebApp.Route [(null)] - 201 行数据批量提交成功！
2018-03-09 11:34:21,636 [5] INFO  TableStoreWebApp.Route [(null)] - 401 行数据批量提交成功！
2018-03-09 11:34:21,779 [5] INFO  TableStoreWebApp.Route [(null)] - 601 行数据批量提交成功！
2018-03-09 11:34:21,780 [5] INFO  TableStoreWebApp.Route [(null)] - 发现重复记录101601190010;2015/1/2 11:04:05数据库记录：
2018-03-09 11:34:21,910 [5] INFO  TableStoreWebApp.Route [(null)] - 802 行数据批量提交成功！
2018-03-09 11:34:22,047 [5] INFO  TableStoreWebApp.Route [(null)] - 1002 行数据批量提交成功！
2018-03-09 11:34:22,047 [5] INFO  TableStoreWebApp.Route [(null)] - 发现重复记录101601190010;2015/1/2 11:04:05数据库记录：
2018-03-09 11:34:22,048 [5] INFO  TableStoreWebApp.Route [(null)] - 发现重复记录101601190010;2016/6/2 10:31:07数据库记录：
2018-03-09 11:34:22,048 [5] INFO  TableStoreWebApp.Route [(null)] - 发现重复记录101601190010;2016/6/2 14:58:49数据库记录：
2018-03-09 11:34:22,048 [5] INFO  TableStoreWebApp.Route [(null)] - 发现重复记录101601190010;2016/6/2 14:58:49数据库记录：
2018-03-09 11:34:22,048 [5] INFO  TableStoreWebApp.Route [(null)] - 发现重复记录101601190010;2016/6/2 14:58:49数据库记录：
2018-03-09 11:34:22,048 [5] INFO  TableStoreWebApp.Route [(null)] - 发现重复记录101601190010;2016/6/2 14:58:49数据库记录：
2018-03-09 11:34:22,048 [5] INFO  TableStoreWebApp.Route [(null)] - 发现重复记录101601190010;2016/6/2 14:58:49数据库记录：
2018-03-09 11:34:22,048 [5] INFO  TableStoreWebApp.Route [(null)] - 发现重复记录101601190010;2016/6/2 14:58:49数据库记录：
2018-03-09 11:34:22,048 [5] INFO  TableStoreWebApp.Route [(null)] - 发现重复记录101601190010;2016/6/2 14:58:49数据库记录：
2018-03-09 11:34:22,048 [5] INFO  TableStoreWebApp.Route [(null)] - 发现重复记录101601190010;2016/6/2 14:58:49数据库记录：
2018-03-09 11:34:22,048 [5] INFO  TableStoreWebApp.Route [(null)] - 发现重复记录101601190010;2016/6/2 14:58:49数据库记录：
2018-03-09 11:34:22,048 [5] INFO  TableStoreWebApp.Route [(null)] - 发现重复记录101601190010;2016/6/2 14:58:49数据库记录：
2018-03-09 11:34:22,048 [5] INFO  TableStoreWebApp.Route [(null)] - 发现重复记录101601190010;2016/6/2 14:58:49数据库记录：
2018-03-09 11:34:22,048 [5] INFO  TableStoreWebApp.Route [(null)] - 发现重复记录101601190010;2016/6/2 14:58:49数据库记录：
2018-03-09 11:34:22,182 [5] INFO  TableStoreWebApp.Route [(null)] - 1216 行数据批量提交成功！
2018-03-09 11:34:22,183 [5] INFO  TableStoreWebApp.Route [(null)] - 发现重复记录101601190010;2016/6/2 14:58:49数据库记录：
2018-03-09 11:34:22,183 [5] INFO  TableStoreWebApp.Route [(null)] - 发现重复记录101601190010;2016/6/2 14:58:49数据库记录：
2018-03-09 11:34:22,183 [5] INFO  TableStoreWebApp.Route [(null)] - 发现重复记录101601190010;2016/6/2 14:58:49数据库记录：
2018-03-09 11:34:22,183 [5] INFO  TableStoreWebApp.Route [(null)] - 发现重复记录101601190010;2016/6/2 14:58:49数据库记录：
2018-03-09 11:34:22,183 [5] INFO  TableStoreWebApp.Route [(null)] - 发现重复记录101601190010;2016/6/2 14:58:49数据库记录：
2018-03-09 11:34:22,183 [5] INFO  TableStoreWebApp.Route [(null)] - 发现重复记录101601190010;2016/6/2 14:58:49数据库记录：
2018-03-09 11:34:22,183 [5] INFO  TableStoreWebApp.Route [(null)] - 发现重复记录101601190010;2016/6/2 14:58:49数据库记录：
2018-03-09 11:34:22,183 [5] INFO  TableStoreWebApp.Route [(null)] - 发现重复记录101601190010;2016/6/2 14:58:49数据库记录：
2018-03-09 11:34:22,318 [5] INFO  TableStoreWebApp.Route [(null)] - 1424 行数据批量提交成功！
2018-03-09 11:34:22,318 [5] INFO  TableStoreWebApp.Route [(null)] - 发现重复记录101601190010;2016/6/2 14:58:49数据库记录：
2018-03-09 11:34:22,318 [5] INFO  TableStoreWebApp.Route [(null)] - 发现重复记录101601190010;2016/6/2 14:58:49数据库记录：
2018-03-09 11:34:22,318 [5] INFO  TableStoreWebApp.Route [(null)] - 发现重复记录101601190010;2016/6/2 14:58:49数据库记录：
2018-03-09 11:34:22,318 [5] INFO  TableStoreWebApp.Route [(null)] - 发现重复记录101601190010;2016/6/2 14:58:49数据库记录：
2018-03-09 11:34:22,318 [5] INFO  TableStoreWebApp.Route [(null)] - 发现重复记录101601190010;2016/6/2 14:58:49数据库记录：
2018-03-09 11:34:22,457 [5] INFO  TableStoreWebApp.Route [(null)] - 1629 行数据批量提交成功！
2018-03-09 11:34:22,457 [5] INFO  TableStoreWebApp.Route [(null)] - 发现重复记录101601190012;2015/1/2 11:04:05数据库记录：
2018-03-09 11:34:22,668 [5] INFO  TableStoreWebApp.Route [(null)] - 1830 行数据批量提交成功！
2018-03-09 11:34:22,799 [5] INFO  TableStoreWebApp.Route [(null)] - 2030 行数据批量提交成功！
2018-03-09 11:34:22,943 [5] INFO  TableStoreWebApp.Route [(null)] - 2230 行数据批量提交成功！
2018-03-09 11:34:22,944 [5] INFO  TableStoreWebApp.Route [(null)] - 发现重复记录101601190022;2015/1/2 11:04:05数据库记录：
2018-03-09 11:34:22,944 [5] INFO  TableStoreWebApp.Route [(null)] - 发现重复记录101601190022;2015/1/2 11:04:05数据库记录：
2018-03-09 11:34:22,945 [5] INFO  TableStoreWebApp.Route [(null)] - 发现重复记录101601190022;2015/1/2 11:04:05数据库记录：
2018-03-09 11:34:22,945 [5] INFO  TableStoreWebApp.Route [(null)] - 发现重复记录101601190023;2015/1/2 11:04:05数据库记录：
2018-03-09 11:34:23,109 [5] INFO  TableStoreWebApp.Route [(null)] - 2434 行数据批量提交成功！
2018-03-09 11:34:23,315 [5] INFO  TableStoreWebApp.Route [(null)] - 2634 行数据批量提交成功！
2018-03-09 11:34:23,434 [5] INFO  TableStoreWebApp.Route [(null)] - 2834 行数据批量提交成功！
2018-03-09 11:34:23,569 [5] INFO  TableStoreWebApp.Route [(null)] - 3034 行数据批量提交成功！
2018-03-09 11:34:23,569 [5] INFO  TableStoreWebApp.Route [(null)] - 发现重复记录101603180005;2016/5/28 18:02:03数据库记录：
2018-03-09 11:34:23,570 [5] INFO  TableStoreWebApp.Route [(null)] - 发现重复记录531512080001;2015/1/2 11:04:05数据库记录：
2018-03-09 11:34:23,570 [5] INFO  TableStoreWebApp.Route [(null)] - 发现重复记录531512080001;2015/1/2 11:04:05数据库记录：
2018-03-09 11:34:23,721 [5] INFO  TableStoreWebApp.Route [(null)] - 3237 行数据批量提交成功！
2018-03-09 11:34:23,722 [5] INFO  TableStoreWebApp.Route [(null)] - 发现重复记录531512250003;2015/3/10 19:11:11数据库记录：
2018-03-09 11:34:23,867 [5] INFO  TableStoreWebApp.Route [(null)] - 3438 行数据批量提交成功！
2018-03-09 11:34:24,007 [5] INFO  TableStoreWebApp.Route [(null)] - 3638 行数据批量提交成功！
2018-03-09 11:34:24,007 [5] INFO  TableStoreWebApp.Route [(null)] - 发现重复记录531512080001;2016/1/19 18:18:15数据库记录：
2018-03-09 11:34:24,008 [5] INFO  TableStoreWebApp.Route [(null)] - 发现重复记录813800000001;2015/1/2 11:04:05数据库记录：
2018-03-09 11:34:24,008 [5] INFO  TableStoreWebApp.Route [(null)] - 发现重复记录813800000001;2015/1/2 11:04:05数据库记录：
2018-03-09 11:34:24,008 [5] INFO  TableStoreWebApp.Route [(null)] - 发现重复记录813800000001;2015/1/2 11:04:05数据库记录：
2018-03-09 11:34:24,008 [5] INFO  TableStoreWebApp.Route [(null)] - 发现重复记录813800000001;2015/1/2 11:04:05数据库记录：
2018-03-09 11:34:24,008 [5] INFO  TableStoreWebApp.Route [(null)] - 发现重复记录813800000001;2015/1/2 11:04:05数据库记录：
2018-03-09 11:34:24,008 [5] INFO  TableStoreWebApp.Route [(null)] - 发现重复记录531512250019;2015/1/2 11:04:05数据库记录：
2018-03-09 11:34:24,151 [5] INFO  TableStoreWebApp.Route [(null)] - 3845 行数据批量提交成功！
2018-03-09 11:34:24,152 [5] INFO  TableStoreWebApp.Route [(null)] - 发现重复记录531512250024;2015/1/2 11:04:05数据库记录：
2018-03-09 11:34:24,152 [5] INFO  TableStoreWebApp.Route [(null)] - 发现重复记录813800000001;2000/1/1 8:00:00数据库记录：
2018-03-09 11:34:24,152 [5] INFO  TableStoreWebApp.Route [(null)] - 发现重复记录813800000001;2000/1/1 8:00:00数据库记录：
2018-03-09 11:34:24,152 [5] INFO  TableStoreWebApp.Route [(null)] - 发现重复记录813800000001;2015/1/2 11:04:05数据库记录：
2018-03-09 11:34:24,152 [5] INFO  TableStoreWebApp.Route [(null)] - 发现重复记录813800000001;2015/1/2 11:04:05数据库记录：
2018-03-09 11:34:24,152 [5] INFO  TableStoreWebApp.Route [(null)] - 发现重复记录813800000001;2015/3/10 19:11:52数据库记录：
2018-03-09 11:34:24,152 [5] INFO  TableStoreWebApp.Route [(null)] - 发现重复记录813800000001;2015/3/10 19:12:06数据库记录：
2018-03-09 11:34:24,152 [5] INFO  TableStoreWebApp.Route [(null)] - 发现重复记录531512250014;2015/1/2 11:04:05数据库记录：
2018-03-09 11:34:24,152 [5] INFO  TableStoreWebApp.Route [(null)] - 发现重复记录531512250014;2015/1/2 11:04:05数据库记录：
2018-03-09 11:34:24,287 [5] INFO  TableStoreWebApp.Route [(null)] - 4054 行数据批量提交成功！
2018-03-09 11:34:24,442 [5] INFO  TableStoreWebApp.Route [(null)] - 4254 行数据批量提交成功！
2018-03-09 11:34:24,821 [5] INFO  TableStoreWebApp.Route [(null)] - 4454 行数据批量提交成功！
2018-03-09 11:34:24,821 [5] INFO  TableStoreWebApp.Route [(null)] - 发现重复记录531512250023;2015/1/2 11:04:05数据库记录：
2018-03-09 11:34:24,960 [5] INFO  TableStoreWebApp.Route [(null)] - 4655 行数据批量提交成功！
2018-03-09 11:34:24,960 [5] INFO  TableStoreWebApp.Route [(null)] - 发现重复记录813800000001;2015/3/10 19:11:18数据库记录：
2018-03-09 11:34:24,960 [5] INFO  TableStoreWebApp.Route [(null)] - 发现重复记录813800000001;2016/1/19 18:18:15数据库记录：
2018-03-09 11:34:24,961 [5] INFO  TableStoreWebApp.Route [(null)] - 发现重复记录100000000000045;2016/9/6 19:19:15数据库记录：
2018-03-09 11:34:25,086 [5] INFO  TableStoreWebApp.Route [(null)] - 4858 行数据批量提交成功！
2018-03-09 11:34:25,086 [5] INFO  TableStoreWebApp.Route [(null)] - 发现重复记录100000000000045;2016/9/7 2:02:15数据库记录：
2018-03-09 11:34:25,086 [5] INFO  TableStoreWebApp.Route [(null)] - 发现重复记录100000000000045;2016/9/8 8:28:37数据库记录：
2018-03-09 11:34:25,086 [5] INFO  TableStoreWebApp.Route [(null)] - 发现重复记录100000000000056;2016/1/1 8:01:03数据库记录：
2018-03-09 11:34:25,086 [5] INFO  TableStoreWebApp.Route [(null)] - 发现重复记录100000000000060;2016/8/8 9:17:53数据库记录：
2018-03-09 11:34:25,087 [5] INFO  TableStoreWebApp.Route [(null)] - 发现重复记录100000000000054;2016/1/1 8:00:59数据库记录：
2018-03-09 11:34:25,210 [5] INFO  TableStoreWebApp.Route [(null)] - 5063 行数据批量提交成功！
2018-03-09 11:34:25,210 [5] INFO  TableStoreWebApp.Route [(null)] - 发现重复记录100000000000059;2016/1/1 8:01:05数据库记录：
2018-03-09 11:34:25,210 [5] INFO  TableStoreWebApp.Route [(null)] - 发现重复记录100000000000063;2016/8/6 10:41:05数据库记录：
2018-03-09 11:34:25,211 [5] INFO  TableStoreWebApp.Route [(null)] - 发现重复记录100000000000063;2016/8/6 10:41:05数据库记录：
2018-03-09 11:34:25,211 [5] INFO  TableStoreWebApp.Route [(null)] - 发现重复记录100000000000063;2016/8/6 12:42:35数据库记录：
2018-03-09 11:34:25,211 [5] INFO  TableStoreWebApp.Route [(null)] - 发现重复记录100000000000063;2016/8/6 12:42:35数据库记录：
2018-03-09 11:34:25,211 [5] INFO  TableStoreWebApp.Route [(null)] - 发现重复记录100000000000063;2016/8/6 15:56:58数据库记录：
2018-03-09 11:34:25,211 [5] INFO  TableStoreWebApp.Route [(null)] - 发现重复记录100000000000063;2016/8/6 12:42:35数据库记录：
2018-03-09 11:34:25,211 [5] INFO  TableStoreWebApp.Route [(null)] - 发现重复记录100000000000063;2016/8/6 12:42:35数据库记录：
2018-03-09 11:34:25,211 [5] INFO  TableStoreWebApp.Route [(null)] - 发现重复记录100000000000063;2016/8/6 15:56:58数据库记录：
2018-03-09 11:34:25,211 [5] INFO  TableStoreWebApp.Route [(null)] - 发现重复记录100000000000063;2016/8/6 15:56:58数据库记录：
2018-03-09 11:34:25,337 [5] INFO  TableStoreWebApp.Route [(null)] - 5273 行数据批量提交成功！
2018-03-09 11:34:25,338 [5] INFO  TableStoreWebApp.Route [(null)] - 发现重复记录100000000000079;2016/8/10 18:10:38数据库记录：
2018-03-09 11:34:25,486 [5] INFO  TableStoreWebApp.Route [(null)] - 5474 行数据批量提交成功！
2018-03-09 11:34:25,487 [5] INFO  TableStoreWebApp.Route [(null)] - 发现重复记录100000000000079;2016/8/10 17:34:46数据库记录：
2018-03-09 11:34:25,487 [5] INFO  TableStoreWebApp.Route [(null)] - 发现重复记录100000000000045;2016/9/8 12:21:54数据库记录：
2018-03-09 11:34:25,487 [5] INFO  TableStoreWebApp.Route [(null)] - 发现重复记录100000000000045;2016/9/9 8:55:22数据库记录：
2018-03-09 11:34:25,487 [5] INFO  TableStoreWebApp.Route [(null)] - 发现重复记录100000000000045;2016/9/9 8:55:22数据库记录：
2018-03-09 11:34:25,488 [5] INFO  TableStoreWebApp.Route [(null)] - 发现重复记录100000000000082;2016/1/1 8:01:19数据库记录：
2018-03-09 11:34:25,619 [5] INFO  TableStoreWebApp.Route [(null)] - 5679 行数据批量提交成功！
2018-03-09 11:34:25,619 [5] INFO  TableStoreWebApp.Route [(null)] - 发现重复记录100000000000054;2016/1/1 8:01:09数据库记录：
2018-03-09 11:34:25,620 [5] INFO  TableStoreWebApp.Route [(null)] - 发现重复记录100000000000057;2016/1/1 8:01:04数据库记录：
2018-03-09 11:34:25,620 [5] INFO  TableStoreWebApp.Route [(null)] - 发现重复记录100000000000060;2016/8/9 9:28:18数据库记录：
2018-03-09 11:34:25,759 [5] INFO  TableStoreWebApp.Route [(null)] - 5882 行数据批量提交成功！
2018-03-09 11:34:25,760 [5] INFO  TableStoreWebApp.Route [(null)] - 发现重复记录100000000000127;2016/1/1 8:01:04数据库记录：
2018-03-09 11:34:25,760 [5] INFO  TableStoreWebApp.Route [(null)] - 发现重复记录100000000000127;2016/1/1 8:01:04数据库记录：
2018-03-09 11:34:25,760 [5] INFO  TableStoreWebApp.Route [(null)] - 发现重复记录100000000000127;2016/1/1 8:01:04数据库记录：
2018-03-09 11:34:25,907 [5] INFO  TableStoreWebApp.Route [(null)] - 6085 行数据批量提交成功！
2018-03-09 11:34:25,908 [5] INFO  TableStoreWebApp.Route [(null)] - 发现重复记录100000000000112;2016/1/1 8:01:02数据库记录：
2018-03-09 11:34:26,078 [5] INFO  TableStoreWebApp.Route [(null)] - 6286 行数据批量提交成功！
2018-03-09 11:34:26,213 [5] INFO  TableStoreWebApp.Route [(null)] - 6486 行数据批量提交成功！
2018-03-09 11:34:26,215 [5] INFO  TableStoreWebApp.Route [(null)] - 发现重复记录100000000000130;2016/8/21 10:00:08数据库记录：
2018-03-09 11:34:26,216 [5] INFO  TableStoreWebApp.Route [(null)] - 发现重复记录100000000000130;2016/8/21 16:30:20数据库记录：
2018-03-09 11:34:26,216 [5] INFO  TableStoreWebApp.Route [(null)] - 发现重复记录100000000000130;2016/8/22 14:13:16数据库记录：
2018-03-09 11:34:26,216 [5] INFO  TableStoreWebApp.Route [(null)] - 发现重复记录100000000000130;2016/8/22 14:13:16数据库记录：
2018-03-09 11:34:26,370 [5] INFO  TableStoreWebApp.Route [(null)] - 6690 行数据批量提交成功！
2018-03-09 11:34:26,513 [5] INFO  TableStoreWebApp.Route [(null)] - 6890 行数据批量提交成功！
2018-03-09 11:34:26,514 [5] INFO  TableStoreWebApp.Route [(null)] - 发现重复记录100000000000127;2016/1/1 8:01:03数据库记录：
2018-03-09 11:34:26,514 [5] INFO  TableStoreWebApp.Route [(null)] - 发现重复记录100000000000130;2016/8/20 22:15:08数据库记录：
2018-03-09 11:34:26,514 [5] INFO  TableStoreWebApp.Route [(null)] - 发现重复记录100000000000130;2016/8/21 10:00:08数据库记录：
2018-03-09 11:34:26,514 [5] INFO  TableStoreWebApp.Route [(null)] - 发现重复记录100000000000130;2016/8/21 11:46:02数据库记录：
2018-03-09 11:34:26,514 [5] INFO  TableStoreWebApp.Route [(null)] - 发现重复记录100000000000130;2016/8/21 12:18:02数据库记录：
2018-03-09 11:34:26,514 [5] INFO  TableStoreWebApp.Route [(null)] - 发现重复记录100000000000130;2016/8/21 17:23:25数据库记录：
2018-03-09 11:34:26,514 [5] INFO  TableStoreWebApp.Route [(null)] - 发现重复记录100000000000130;2016/8/21 17:51:20数据库记录：
2018-03-09 11:34:26,650 [5] INFO  TableStoreWebApp.Route [(null)] - 7097 行数据批量提交成功！
2018-03-09 11:34:26,790 [5] INFO  TableStoreWebApp.Route [(null)] - 7297 行数据批量提交成功！
2018-03-09 11:34:26,940 [5] INFO  TableStoreWebApp.Route [(null)] - 7497 行数据批量提交成功！
2018-03-09 11:34:26,941 [5] INFO  TableStoreWebApp.Route [(null)] - 发现重复记录101601190010;2016/6/2 10:31:07数据库记录：
2018-03-09 11:34:26,941 [5] INFO  TableStoreWebApp.Route [(null)] - 发现重复记录101601190010;2016/6/2 14:58:49数据库记录：
2018-03-09 11:34:26,941 [5] INFO  TableStoreWebApp.Route [(null)] - 发现重复记录101601190010;2016/6/2 14:58:49数据库记录：
2018-03-09 11:34:26,941 [5] INFO  TableStoreWebApp.Route [(null)] - 发现重复记录101601190010;2016/6/2 14:58:49数据库记录：
2018-03-09 11:34:26,941 [5] INFO  TableStoreWebApp.Route [(null)] - 发现重复记录101601190010;2016/6/2 14:58:49数据库记录：
2018-03-09 11:34:26,941 [5] INFO  TableStoreWebApp.Route [(null)] - 发现重复记录101601190010;2016/6/2 14:58:49数据库记录：
2018-03-09 11:34:26,942 [5] INFO  TableStoreWebApp.Route [(null)] - 发现重复记录101601190010;2016/6/2 14:58:49数据库记录：
2018-03-09 11:34:26,942 [5] INFO  TableStoreWebApp.Route [(null)] - 发现重复记录101601190010;2016/6/2 14:58:49数据库记录：
2018-03-09 11:34:26,942 [5] INFO  TableStoreWebApp.Route [(null)] - 发现重复记录101601190010;2016/6/2 14:58:49数据库记录：
2018-03-09 11:34:27,065 [5] INFO  TableStoreWebApp.Route [(null)] - 7706 行数据批量提交成功！
2018-03-09 11:34:27,186 [5] INFO  TableStoreWebApp.Route [(null)] - 7906 行数据批量提交成功！
2018-03-09 11:34:27,187 [5] INFO  TableStoreWebApp.Route [(null)] - 发现重复记录101601190022;2015/1/2 11:04:05数据库记录：
2018-03-09 11:34:27,187 [5] INFO  TableStoreWebApp.Route [(null)] - 发现重复记录101601190022;2015/1/2 11:04:05数据库记录：
2018-03-09 11:34:27,315 [5] INFO  TableStoreWebApp.Route [(null)] - 8108 行数据批量提交成功！
2018-03-09 11:34:27,316 [5] INFO  TableStoreWebApp.Route [(null)] - 发现重复记录313800000001;2015/3/10 19:11:11数据库记录：
2018-03-09 11:34:27,316 [5] INFO  TableStoreWebApp.Route [(null)] - 发现重复记录313800000001;2015/3/10 19:11:11数据库记录：
2018-03-09 11:34:27,441 [5] INFO  TableStoreWebApp.Route [(null)] - 8310 行数据批量提交成功！
2018-03-09 11:34:27,581 [5] INFO  TableStoreWebApp.Route [(null)] - 8510 行数据批量提交成功！
2018-03-09 11:34:27,581 [5] INFO  TableStoreWebApp.Route [(null)] - 发现重复记录813800000001;2015/3/10 19:11:11数据库记录：
2018-03-09 11:34:27,581 [5] INFO  TableStoreWebApp.Route [(null)] - 发现重复记录813800000001;2015/3/10 19:11:18数据库记录：
2018-03-09 11:34:27,581 [5] INFO  TableStoreWebApp.Route [(null)] - 发现重复记录813800000001;2015/3/10 19:11:18数据库记录：
2018-03-09 11:34:27,582 [5] INFO  TableStoreWebApp.Route [(null)] - 发现重复记录813800000001;2016/3/3 9:30:49数据库记录：
2018-03-09 11:34:27,717 [5] INFO  TableStoreWebApp.Route [(null)] - 8714 行数据批量提交成功！
2018-03-09 11:34:27,854 [5] INFO  TableStoreWebApp.Route [(null)] - 8914 行数据批量提交成功！
2018-03-09 11:34:27,854 [5] INFO  TableStoreWebApp.Route [(null)] - 发现重复记录100000000000045;2016/9/6 19:19:18数据库记录：
2018-03-09 11:34:27,854 [5] INFO  TableStoreWebApp.Route [(null)] - 发现重复记录100000000000045;2016/9/7 1:39:32数据库记录：
2018-03-09 11:34:27,854 [5] INFO  TableStoreWebApp.Route [(null)] - 发现重复记录100000000000045;2016/9/9 8:24:10数据库记录：
2018-03-09 11:34:27,855 [5] INFO  TableStoreWebApp.Route [(null)] - 发现重复记录100000000000063;2016/8/6 10:41:05数据库记录：
2018-03-09 11:34:27,855 [5] INFO  TableStoreWebApp.Route [(null)] - 发现重复记录100000000000063;2016/8/6 10:41:05数据库记录：
2018-03-09 11:34:27,855 [5] INFO  TableStoreWebApp.Route [(null)] - 发现重复记录100000000000063;2016/8/6 10:41:05数据库记录：
2018-03-09 11:34:27,980 [5] INFO  TableStoreWebApp.Route [(null)] - 9120 行数据批量提交成功！
2018-03-09 11:34:28,124 [5] INFO  TableStoreWebApp.Route [(null)] - 9320 行数据批量提交成功！
2018-03-09 11:34:28,125 [5] INFO  TableStoreWebApp.Route [(null)] - 发现重复记录100000000000130;2016/8/21 14:25:22数据库记录：
2018-03-09 11:34:28,125 [5] INFO  TableStoreWebApp.Route [(null)] - 发现重复记录100000000000130;2016/8/22 9:52:36数据库记录：
2018-03-09 11:34:28,125 [5] INFO  TableStoreWebApp.Route [(null)] - 发现重复记录100000000000130;2016/8/22 11:21:15数据库记录：
2018-03-09 11:34:28,246 [5] INFO  TableStoreWebApp.Route [(null)] - 9523 行数据批量提交成功！
2018-03-09 11:34:28,378 [5] INFO  TableStoreWebApp.Route [(null)] - 9708 行数据批量提交成功！
2018-03-09 11:34:28,378 [5] INFO  TableStoreWebApp.Route [(null)] - 9708批量提交成功
2018-03-09 11:34:28,378 [5] DEBUG TableStoreWebApp.Route [(null)] - select distinct device_code,startTime,endTime,startLatitude,endLatitude,startLongitude,endLongitude,drivingTime,mileage,topSpeed,speedingTime,highSpeedTime,mediumSpeedTime,lowSpeedTime,idleTime,rapidAccelerationTimes,rapidDecelerationTimes,sharpTurnTimes from Vehicle_Route where id between 100000 and 200000
2018-03-09 11:34:28,674 [5] INFO  TableStoreWebApp.Route [(null)] - 200 行数据批量提交成功！
2018-03-09 11:34:28,675 [5] INFO  TableStoreWebApp.Route [(null)] - 发现重复记录101601190055;2016/10/24 7:36:31数据库记录：
2018-03-09 11:34:28,813 [5] INFO  TableStoreWebApp.Route [(null)] - 401 行数据批量提交成功！
2018-03-09 11:34:28,986 [5] INFO  TableStoreWebApp.Route [(null)] - 601 行数据批量提交成功！
2018-03-09 11:34:29,131 [5] INFO  TableStoreWebApp.Route [(null)] - 801 行数据批量提交成功！
2018-03-09 11:34:29,250 [5] INFO  TableStoreWebApp.Route [(null)] - 1001 行数据批量提交成功！
2018-03-09 11:34:29,389 [5] INFO  TableStoreWebApp.Route [(null)] - 1201 行数据批量提交成功！
2018-03-09 11:34:29,518 [5] INFO  TableStoreWebApp.Route [(null)] - 1401 行数据批量提交成功！
2018-03-09 11:34:29,647 [5] INFO  TableStoreWebApp.Route [(null)] - 1601 行数据批量提交成功！
2018-03-09 11:34:29,780 [5] INFO  TableStoreWebApp.Route [(null)] - 1801 行数据批量提交成功！
2018-03-09 11:34:29,901 [5] INFO  TableStoreWebApp.Route [(null)] - 2001 行数据批量提交成功！
2018-03-09 11:34:30,031 [5] INFO  TableStoreWebApp.Route [(null)] - 2201 行数据批量提交成功！
2018-03-09 11:34:30,157 [5] INFO  TableStoreWebApp.Route [(null)] - 2401 行数据批量提交成功！
2018-03-09 11:34:30,158 [5] INFO  TableStoreWebApp.Route [(null)] - 发现重复记录100000000000076;2016/9/25 16:16:48数据库记录：
2018-03-09 11:34:30,158 [5] INFO  TableStoreWebApp.Route [(null)] - 发现重复记录100000000000076;2016/10/7 15:22:14数据库记录：
2018-03-09 11:34:30,284 [5] INFO  TableStoreWebApp.Route [(null)] - 2603 行数据批量提交成功！
2018-03-09 11:34:30,285 [5] INFO  TableStoreWebApp.Route [(null)] - 发现重复记录100000000000076;2016/9/25 16:16:36数据库记录：
2018-03-09 11:34:30,285 [5] INFO  TableStoreWebApp.Route [(null)] - 发现重复记录100000000000076;2016/10/21 8:59:18数据库记录：
2018-03-09 11:34:30,455 [5] INFO  TableStoreWebApp.Route [(null)] - 2805 行数据批量提交成功！
2018-03-09 11:34:30,587 [5] INFO  TableStoreWebApp.Route [(null)] - 3005 行数据批量提交成功！
2018-03-09 11:34:30,587 [5] INFO  TableStoreWebApp.Route [(null)] - 发现重复记录100000000000101;2016/9/14 17:03:17数据库记录：
2018-03-09 11:34:30,587 [5] INFO  TableStoreWebApp.Route [(null)] - 发现重复记录100000000000101;2016/9/6 17:03:29数据库记录：
2018-03-09 11:34:30,587 [5] INFO  TableStoreWebApp.Route [(null)] - 发现重复记录100000000000101;2016/9/8 17:05:21数据库记录：
2018-03-09 11:34:30,588 [5] INFO  TableStoreWebApp.Route [(null)] - 发现重复记录100000000000101;2016/9/13 11:20:17数据库记录：
2018-03-09 11:34:30,588 [5] INFO  TableStoreWebApp.Route [(null)] - 发现重复记录100000000000101;2016/9/13 13:13:10数据库记录：
2018-03-09 11:34:30,720 [5] INFO  TableStoreWebApp.Route [(null)] - 3210 行数据批量提交成功！
2018-03-09 11:34:30,866 [5] INFO  TableStoreWebApp.Route [(null)] - 3410 行数据批量提交成功！
2018-03-09 11:34:30,866 [5] INFO  TableStoreWebApp.Route [(null)] - 发现重复记录100000000000150;2016/10/27 17:34:32数据库记录：
2018-03-09 11:34:31,016 [5] INFO  TableStoreWebApp.Route [(null)] - 3611 行数据批量提交成功！
2018-03-09 11:34:31,144 [5] INFO  TableStoreWebApp.Route [(null)] - 3811 行数据批量提交成功！
2018-03-09 11:34:31,281 [5] INFO  TableStoreWebApp.Route [(null)] - 4011 行数据批量提交成功！
2018-03-09 11:34:31,281 [5] INFO  TableStoreWebApp.Route [(null)] - 发现重复记录100000000000172;2016/10/24 17:23:25数据库记录：
2018-03-09 11:34:31,477 [5] INFO  TableStoreWebApp.Route [(null)] - 4212 行数据批量提交成功！
2018-03-09 11:34:42,448 [1] INFO  TableStoreWebApp.Startup [(null)] - 开始执行...
2018-03-09 11:34:49,377 [5] INFO  TableStoreWebApp.Controllers.OTSSyncController [(null)] - OTSSync=>index()
2018-03-09 11:35:34,878 [1] INFO  TableStoreWebApp.Startup [(null)] - 开始执行...
2018-03-09 11:35:42,264 [10] INFO  TableStoreWebApp.Controllers.OTSSyncController [(null)] - OTSSync=>index()
2018-03-09 16:40:35,330 [1] INFO  TableStoreWebApp.Startup [(null)] - 开始执行...
2018-03-09 16:40:43,388 [10] INFO  TableStoreWebApp.Controllers.OTSSyncController [(null)] - OTSSync=>index()
2018-03-09 16:40:45,222 [5] INFO  TableStoreWebApp.Controllers.OTSSyncController [(null)] - OTSSync=>index()
2018-03-09 16:40:45,384 [6] DEBUG TableStoreWebApp.Route [(null)] - select distinct device_code,startTime,endTime,startLatitude,endLatitude,startLongitude,endLongitude,drivingTime,mileage,topSpeed,speedingTime,highSpeedTime,mediumSpeedTime,lowSpeedTime,idleTime,rapidAccelerationTimes,rapidDecelerationTimes,sharpTurnTimes from Vehicle_Route where id between 0 and 100000
2018-03-09 16:40:45,550 [6] DEBUG TableStoreWebApp.Route [(null)] - select distinct device_code,startTime,endTime,startLatitude,endLatitude,startLongitude,endLongitude,drivingTime,mileage,topSpeed,speedingTime,highSpeedTime,mediumSpeedTime,lowSpeedTime,idleTime,rapidAccelerationTimes,rapidDecelerationTimes,sharpTurnTimes from Vehicle_Route where id between 100000 and 200000
2018-03-09 16:40:45,693 [6] DEBUG TableStoreWebApp.Route [(null)] - select distinct device_code,startTime,endTime,startLatitude,endLatitude,startLongitude,endLongitude,drivingTime,mileage,topSpeed,speedingTime,highSpeedTime,mediumSpeedTime,lowSpeedTime,idleTime,rapidAccelerationTimes,rapidDecelerationTimes,sharpTurnTimes from Vehicle_Route where id between 200000 and 300000
2018-03-09 16:40:45,764 [6] DEBUG TableStoreWebApp.Route [(null)] - select distinct device_code,startTime,endTime,startLatitude,endLatitude,startLongitude,endLongitude,drivingTime,mileage,topSpeed,speedingTime,highSpeedTime,mediumSpeedTime,lowSpeedTime,idleTime,rapidAccelerationTimes,rapidDecelerationTimes,sharpTurnTimes from Vehicle_Route where id between 300000 and 400000
2018-03-09 16:40:45,975 [6] DEBUG TableStoreWebApp.Route [(null)] - select distinct device_code,startTime,endTime,startLatitude,endLatitude,startLongitude,endLongitude,drivingTime,mileage,topSpeed,speedingTime,highSpeedTime,mediumSpeedTime,lowSpeedTime,idleTime,rapidAccelerationTimes,rapidDecelerationTimes,sharpTurnTimes from Vehicle_Route where id between 400000 and 500000
2018-03-09 16:40:46,321 [6] DEBUG TableStoreWebApp.Route [(null)] - select distinct device_code,startTime,endTime,startLatitude,endLatitude,startLongitude,endLongitude,drivingTime,mileage,topSpeed,speedingTime,highSpeedTime,mediumSpeedTime,lowSpeedTime,idleTime,rapidAccelerationTimes,rapidDecelerationTimes,sharpTurnTimes from Vehicle_Route where id between 500000 and 600000
2018-03-09 16:40:46,868 [6] DEBUG TableStoreWebApp.Route [(null)] - select distinct device_code,startTime,endTime,startLatitude,endLatitude,startLongitude,endLongitude,drivingTime,mileage,topSpeed,speedingTime,highSpeedTime,mediumSpeedTime,lowSpeedTime,idleTime,rapidAccelerationTimes,rapidDecelerationTimes,sharpTurnTimes from Vehicle_Route where id between 600000 and 700000
2018-03-09 16:40:47,429 [6] DEBUG TableStoreWebApp.Route [(null)] - select distinct device_code,startTime,endTime,startLatitude,endLatitude,startLongitude,endLongitude,drivingTime,mileage,topSpeed,speedingTime,highSpeedTime,mediumSpeedTime,lowSpeedTime,idleTime,rapidAccelerationTimes,rapidDecelerationTimes,sharpTurnTimes from Vehicle_Route where id between 700000 and 800000
2018-03-09 16:40:47,989 [6] DEBUG TableStoreWebApp.Route [(null)] - select distinct device_code,startTime,endTime,startLatitude,endLatitude,startLongitude,endLongitude,drivingTime,mileage,topSpeed,speedingTime,highSpeedTime,mediumSpeedTime,lowSpeedTime,idleTime,rapidAccelerationTimes,rapidDecelerationTimes,sharpTurnTimes from Vehicle_Route where id between 800000 and 900000
2018-03-09 16:40:48,558 [6] DEBUG TableStoreWebApp.Route [(null)] - select distinct device_code,startTime,endTime,startLatitude,endLatitude,startLongitude,endLongitude,drivingTime,mileage,topSpeed,speedingTime,highSpeedTime,mediumSpeedTime,lowSpeedTime,idleTime,rapidAccelerationTimes,rapidDecelerationTimes,sharpTurnTimes from Vehicle_Route where id between 900000 and 1000000
2018-03-09 16:40:49,222 [6] DEBUG TableStoreWebApp.Route [(null)] - select distinct device_code,startTime,endTime,startLatitude,endLatitude,startLongitude,endLongitude,drivingTime,mileage,topSpeed,speedingTime,highSpeedTime,mediumSpeedTime,lowSpeedTime,idleTime,rapidAccelerationTimes,rapidDecelerationTimes,sharpTurnTimes from Vehicle_Route where id between 1000000 and 1100000
2018-03-09 16:40:49,753 [6] DEBUG TableStoreWebApp.Route [(null)] - select distinct device_code,startTime,endTime,startLatitude,endLatitude,startLongitude,endLongitude,drivingTime,mileage,topSpeed,speedingTime,highSpeedTime,mediumSpeedTime,lowSpeedTime,idleTime,rapidAccelerationTimes,rapidDecelerationTimes,sharpTurnTimes from Vehicle_Route where id between 1100000 and 1200000
2018-03-09 16:40:50,257 [6] DEBUG TableStoreWebApp.Route [(null)] - select distinct device_code,startTime,endTime,startLatitude,endLatitude,startLongitude,endLongitude,drivingTime,mileage,topSpeed,speedingTime,highSpeedTime,mediumSpeedTime,lowSpeedTime,idleTime,rapidAccelerationTimes,rapidDecelerationTimes,sharpTurnTimes from Vehicle_Route where id between 1200000 and 1300000
2018-03-09 16:40:50,786 [6] DEBUG TableStoreWebApp.Route [(null)] - select distinct device_code,startTime,endTime,startLatitude,endLatitude,startLongitude,endLongitude,drivingTime,mileage,topSpeed,speedingTime,highSpeedTime,mediumSpeedTime,lowSpeedTime,idleTime,rapidAccelerationTimes,rapidDecelerationTimes,sharpTurnTimes from Vehicle_Route where id between 1300000 and 1400000
2018-03-09 16:40:51,301 [6] DEBUG TableStoreWebApp.Route [(null)] - select distinct device_code,startTime,endTime,startLatitude,endLatitude,startLongitude,endLongitude,drivingTime,mileage,topSpeed,speedingTime,highSpeedTime,mediumSpeedTime,lowSpeedTime,idleTime,rapidAccelerationTimes,rapidDecelerationTimes,sharpTurnTimes from Vehicle_Route where id between 1400000 and 1500000
2018-03-09 16:40:51,444 [6] DEBUG TableStoreWebApp.Route [(null)] - select distinct device_code,startTime,endTime,startLatitude,endLatitude,startLongitude,endLongitude,drivingTime,mileage,topSpeed,speedingTime,highSpeedTime,mediumSpeedTime,lowSpeedTime,idleTime,rapidAccelerationTimes,rapidDecelerationTimes,sharpTurnTimes from Vehicle_Route where id between 1500000 and 1600000
2018-03-09 16:44:00,548 [1] INFO  TableStoreWebApp.Startup [(null)] - 开始执行...
2018-03-09 16:44:07,410 [10] INFO  TableStoreWebApp.Controllers.OTSSyncController [(null)] - OTSSync=>index()
2018-03-09 16:44:08,938 [10] DEBUG TableStoreWebApp.Route [(null)] - select distinct device_code,startTime,endTime,startLatitude,endLatitude,startLongitude,endLongitude,drivingTime,mileage,topSpeed,speedingTime,highSpeedTime,mediumSpeedTime,lowSpeedTime,idleTime,rapidAccelerationTimes,rapidDecelerationTimes,sharpTurnTimes from Vehicle_Route where id between 0 and 100000
2018-03-09 16:44:09,112 [10] DEBUG TableStoreWebApp.Route [(null)] - select distinct device_code,startTime,endTime,startLatitude,endLatitude,startLongitude,endLongitude,drivingTime,mileage,topSpeed,speedingTime,highSpeedTime,mediumSpeedTime,lowSpeedTime,idleTime,rapidAccelerationTimes,rapidDecelerationTimes,sharpTurnTimes from Vehicle_Route where id between 100000 and 200000
2018-03-09 16:44:09,244 [10] DEBUG TableStoreWebApp.Route [(null)] - select distinct device_code,startTime,endTime,startLatitude,endLatitude,startLongitude,endLongitude,drivingTime,mileage,topSpeed,speedingTime,highSpeedTime,mediumSpeedTime,lowSpeedTime,idleTime,rapidAccelerationTimes,rapidDecelerationTimes,sharpTurnTimes from Vehicle_Route where id between 200000 and 300000
2018-03-09 16:44:09,311 [10] DEBUG TableStoreWebApp.Route [(null)] - select distinct device_code,startTime,endTime,startLatitude,endLatitude,startLongitude,endLongitude,drivingTime,mileage,topSpeed,speedingTime,highSpeedTime,mediumSpeedTime,lowSpeedTime,idleTime,rapidAccelerationTimes,rapidDecelerationTimes,sharpTurnTimes from Vehicle_Route where id between 300000 and 400000
2018-03-09 16:44:09,514 [10] DEBUG TableStoreWebApp.Route [(null)] - select distinct device_code,startTime,endTime,startLatitude,endLatitude,startLongitude,endLongitude,drivingTime,mileage,topSpeed,speedingTime,highSpeedTime,mediumSpeedTime,lowSpeedTime,idleTime,rapidAccelerationTimes,rapidDecelerationTimes,sharpTurnTimes from Vehicle_Route where id between 400000 and 500000
2018-03-09 16:44:09,854 [10] DEBUG TableStoreWebApp.Route [(null)] - select distinct device_code,startTime,endTime,startLatitude,endLatitude,startLongitude,endLongitude,drivingTime,mileage,topSpeed,speedingTime,highSpeedTime,mediumSpeedTime,lowSpeedTime,idleTime,rapidAccelerationTimes,rapidDecelerationTimes,sharpTurnTimes from Vehicle_Route where id between 500000 and 600000
2018-03-09 16:44:10,633 [10] DEBUG TableStoreWebApp.Route [(null)] - select distinct device_code,startTime,endTime,startLatitude,endLatitude,startLongitude,endLongitude,drivingTime,mileage,topSpeed,speedingTime,highSpeedTime,mediumSpeedTime,lowSpeedTime,idleTime,rapidAccelerationTimes,rapidDecelerationTimes,sharpTurnTimes from Vehicle_Route where id between 600000 and 700000
2018-03-09 17:28:19,213 [1] INFO  TableStoreWebApp.Startup [(null)] - 开始执行...
2018-03-09 17:28:26,505 [6] INFO  TableStoreWebApp.Controllers.OTSSyncController [(null)] - OTSSync=>index()
2018-03-09 17:51:00,578 [1] INFO  TableStoreWebApp.Startup [(null)] - 开始执行...
2018-03-09 17:51:08,996 [11] INFO  TableStoreWebApp.Controllers.OTSSyncController [(null)] - OTSSync=>index()
2018-03-09 17:51:11,061 [5] DEBUG TableStoreWebApp.Controllers.OTSSyncController [(null)] - routeName=Vehicle_Route
2018-03-09 17:51:11,134 [5] DEBUG TableStoreWebApp.Controllers.OTSSyncController [(null)] - locationName=
2018-03-09 17:51:11,135 [5] DEBUG TableStoreWebApp.Controllers.OTSSyncController [(null)] - eventName=
2018-03-09 17:51:11,254 [18] DEBUG TableStoreWebApp.Route [(null)] - select distinct device_code,startTime,endTime,startLatitude,endLatitude,startLongitude,endLongitude,drivingTime,mileage,topSpeed,speedingTime,highSpeedTime,mediumSpeedTime,lowSpeedTime,idleTime,rapidAccelerationTimes,rapidDecelerationTimes,sharpTurnTimes from Vehicle_Route where id between 1300000 and 1400000
2018-03-09 17:51:53,437 [18] INFO  TableStoreWebApp.Route [(null)] - 200 行数据批量提交成功！
2018-03-09 17:52:34,298 [18] INFO  TableStoreWebApp.Route [(null)] - 390发现重复记录100000000000269;2017/6/12 9:56:36数据库记录：
2018-03-09 17:52:41,335 [18] INFO  TableStoreWebApp.Route [(null)] - 401 行数据批量提交成功！
2018-03-09 17:53:20,647 [18] INFO  TableStoreWebApp.Route [(null)] - 601 行数据批量提交成功！
2018-03-09 17:53:22,585 [18] INFO  TableStoreWebApp.Route [(null)] - 801 行数据批量提交成功！
2018-03-09 17:53:24,510 [18] INFO  TableStoreWebApp.Route [(null)] - 1001 行数据批量提交成功！
2018-03-09 17:53:25,815 [18] INFO  TableStoreWebApp.Route [(null)] - 1201 行数据批量提交成功！
2018-03-09 17:53:26,930 [18] INFO  TableStoreWebApp.Route [(null)] - 1401 行数据批量提交成功！
2018-03-09 17:53:27,415 [18] INFO  TableStoreWebApp.Route [(null)] - 1491发现重复记录100000000000708;2017/6/11 17:28:35数据库记录：
2018-03-09 18:04:48,303 [1] INFO  TableStoreWebApp.Startup [(null)] - 开始执行...
